#
# There is insufficient memory for the Java Runtime Environment to continue.
# Native memory allocation (malloc) failed to allocate 140304 bytes for Chunk::new
# Possible reasons:
#   The system is out of physical RAM or swap space
#   In 32 bit mode, the process size limit was hit
# Possible solutions:
#   Reduce memory load on the system
#   Increase physical memory or swap space
#   Check if swap backing store is full
#   Use 64 bit Java on a 64 bit OS
#   Decrease Java heap size (-Xmx/-Xms)
#   Decrease number of Java threads
#   Decrease Java thread stack sizes (-Xss)
#   Set larger code cache with -XX:ReservedCodeCacheSize=
# This output file may be truncated or incomplete.
#
#  Out of Memory Error (allocation.cpp:390), pid=20876, tid=0x0000000000000d44
#
# JRE version: Java(TM) SE Runtime Environment (8.0_144-b01) (build 1.8.0_144-b01)
# Java VM: Java HotSpot(TM) 64-Bit Server VM (25.144-b01 mixed mode windows-amd64 compressed oops)
# Failed to write core dump. Minidumps are not enabled by default on client versions of Windows
#

---------------  T H R E A D  ---------------

Current thread (0x000000001e445000):  JavaThread "C2 CompilerThread1" daemon [_thread_in_native, id=3396, stack(0x000000001ed40000,0x000000001ee40000)]

Stack: [0x000000001ed40000,0x000000001ee40000]
[error occurred during error reporting (printing stack bounds), id 0xc0000005]

Native frames: (J=compiled Java code, j=interpreted, Vv=VM code, C=native code)


Current CompileTask:
C2:  18287 1762   !   4       sun.awt.PostEventQueue::flush (168 bytes)


---------------  P R O C E S S  ---------------

Java Threads: ( => current thread )
  0x0000000002922800 JavaThread "DestroyJavaVM" [_thread_blocked, id=21432, stack(0x0000000002600000,0x0000000002700000)]
  0x000000001fac5000 JavaThread "main-FPSAWTAnimator#00-Timer0" [_thread_blocked, id=27584, stack(0x0000000029b50000,0x0000000029c50000)]
  0x000000001fb4b800 JavaThread "AWT-EventQueue-0" [_thread_blocked, id=3428, stack(0x0000000028a70000,0x0000000028b70000)]
  0x000000001f49c800 JavaThread "AWT-Shutdown" [_thread_blocked, id=10324, stack(0x0000000028970000,0x0000000028a70000)]
  0x000000001f78f000 JavaThread "main-SharedResourceRunner" daemon [_thread_blocked, id=28428, stack(0x0000000022640000,0x0000000022740000)]
  0x000000001f466800 JavaThread "AWT-Windows" daemon [_thread_in_native, id=29996, stack(0x000000001fe60000,0x000000001ff60000)]
  0x000000001e6aa800 JavaThread "Java2D Disposer" daemon [_thread_blocked, id=3368, stack(0x000000001fb80000,0x000000001fc80000)]
  0x000000001e47c000 JavaThread "Service Thread" daemon [_thread_blocked, id=12564, stack(0x000000001f040000,0x000000001f140000)]
  0x000000001e450000 JavaThread "C1 CompilerThread3" daemon [_thread_blocked, id=28452, stack(0x000000001ef40000,0x000000001f040000)]
  0x000000001e448000 JavaThread "C2 CompilerThread2" daemon [_thread_blocked, id=16628, stack(0x000000001ee40000,0x000000001ef40000)]
=>0x000000001e445000 JavaThread "C2 CompilerThread1" daemon [_thread_in_native, id=3396, stack(0x000000001ed40000,0x000000001ee40000)]
  0x000000001e43b000 JavaThread "C2 CompilerThread0" daemon [_thread_blocked, id=22804, stack(0x000000001ec40000,0x000000001ed40000)]
  0x000000001e439800 JavaThread "Monitor Ctrl-Break" daemon [_thread_in_native, id=9308, stack(0x000000001eb40000,0x000000001ec40000)]
  0x000000001e37a000 JavaThread "Attach Listener" daemon [_thread_blocked, id=6964, stack(0x000000001ea40000,0x000000001eb40000)]
  0x000000001e379000 JavaThread "Signal Dispatcher" daemon [_thread_blocked, id=9820, stack(0x000000001e940000,0x000000001ea40000)]
  0x000000001e370800 JavaThread "Finalizer" daemon [_thread_blocked, id=16764, stack(0x000000001e750000,0x000000001e850000)]
  0x0000000002a1a000 JavaThread "Reference Handler" daemon [_thread_blocked, id=27120, stack(0x000000001e250000,0x000000001e350000)]

Other Threads:
  0x000000001c479800 VMThread [stack: 0x000000001e150000,0x000000001e250000] [id=14024]
  0x000000001e47f000 WatcherThread [stack: 0x000000001f140000,0x000000001f240000] [id=1400]

VM state:not at safepoint (normal execution)

VM Mutex/Monitor currently owned by a thread: None

Heap:
 PSYoungGen      total 401408K, used 306006K [0x000000076b180000, 0x00000007ab180000, 0x00000007c0000000)
  eden space 226304K, 72% used [0x000000076b180000,0x00000007751a0ce0,0x0000000778e80000)
  from space 175104K, 81% used [0x0000000778e80000,0x0000000781934cd0,0x0000000783980000)
  to   space 307712K, 0% used [0x0000000798500000,0x0000000798500000,0x00000007ab180000)
 ParOldGen       total 636416K, used 357618K [0x00000006c1400000, 0x00000006e8180000, 0x000000076b180000)
  object space 636416K, 56% used [0x00000006c1400000,0x00000006d713c908,0x00000006e8180000)
 Metaspace       used 17966K, capacity 18172K, committed 18688K, reserved 1067008K
  class space    used 1841K, capacity 1924K, committed 2048K, reserved 1048576K

Card table byte_map: [0x0000000011de0000,0x00000000125e0000] byte_map_base: 0x000000000e7d6000

Marking Bits: (ParMarkBitMap*) 0x00000000744ad850
 Begin Bits: [0x0000000013330000, 0x00000000172e0000)
 End Bits:   [0x00000000172e0000, 0x000000001b290000)

Polling page: 0x0000000000890000

CodeCache: size=245760Kb used=7541Kb max_used=7548Kb free=238218Kb
 bounds [0x0000000002a20000, 0x0000000003190000, 0x0000000011a20000]
 total_blobs=2582 nmethods=1754 adapters=741
 compilation: enabled

Compilation events (10 events):
Event: 18.228 Thread 0x000000001e450000 nmethod 1761 0x000000000317fd90 code [0x000000000317ff80, 0x00000000031808a8]
Event: 18.236 Thread 0x000000001e445000 1762   !   4       sun.awt.PostEventQueue::flush (168 bytes)
Event: 18.237 Thread 0x000000001e450000 1763  s    3       java.awt.Robot::mouseMove (16 bytes)
Event: 18.239 Thread 0x000000001e43b000 1766       4       graphicslib3D.Vector3D::magnitude (35 bytes)
Event: 18.239 Thread 0x000000001e450000 nmethod 1763 0x0000000003181050 code [0x0000000003181280, 0x0000000003181ef8]
Event: 18.239 Thread 0x000000001e450000 1764       3       sun.awt.windows.WRobotPeer::mouseMove (7 bytes)
Event: 18.239 Thread 0x000000001e450000 nmethod 1764 0x0000000003182810 code [0x0000000003182980, 0x0000000003182b88]
Event: 18.239 Thread 0x000000001e450000 1765       3       java.awt.Robot::autoDelay (9 bytes)
Event: 18.239 Thread 0x000000001e43b000 nmethod 1766 0x00000000030eb910 code [0x00000000030eba40, 0x00000000030ebab8]
Event: 18.240 Thread 0x000000001e450000 nmethod 1765 0x00000000031849d0 code [0x0000000003184ba0, 0x0000000003185378]

GC Heap History (10 events):
Event: 6.534 GC heap before
{Heap before GC invocations=6 (full 1):
 PSYoungGen      total 138240K, used 138240K [0x000000076b180000, 0x0000000774680000, 0x00000007c0000000)
  eden space 127488K, 100% used [0x000000076b180000,0x0000000772e00000,0x0000000772e00000)
  from space 10752K, 100% used [0x0000000773c00000,0x0000000774680000,0x0000000774680000)
  to   space 10752K, 0% used [0x0000000773180000,0x0000000773180000,0x0000000773c00000)
 ParOldGen       total 310272K, used 163688K [0x00000006c1400000, 0x00000006d4300000, 0x000000076b180000)
  object space 310272K, 52% used [0x00000006c1400000,0x00000006cb3da038,0x00000006d4300000)
 Metaspace       used 16916K, capacity 17114K, committed 17536K, reserved 1064960K
  class space    used 1771K, capacity 1855K, committed 1920K, reserved 1048576K
Event: 6.582 GC heap after
Heap after GC invocations=6 (full 1):
 PSYoungGen      total 141824K, used 10752K [0x000000076b180000, 0x000000078ce80000, 0x00000007c0000000)
  eden space 131072K, 0% used [0x000000076b180000,0x000000076b180000,0x0000000773180000)
  from space 10752K, 100% used [0x0000000773180000,0x0000000773c00000,0x0000000773c00000)
  to   space 152576K, 0% used [0x0000000783980000,0x0000000783980000,0x000000078ce80000)
 ParOldGen       total 310272K, used 291905K [0x00000006c1400000, 0x00000006d4300000, 0x000000076b180000)
  object space 310272K, 94% used [0x00000006c1400000,0x00000006d3110628,0x00000006d4300000)
 Metaspace       used 16916K, capacity 17114K, committed 17536K, reserved 1064960K
  class space    used 1771K, capacity 1855K, committed 1920K, reserved 1048576K
}
Event: 6.582 GC heap before
{Heap before GC invocations=7 (full 2):
 PSYoungGen      total 141824K, used 10752K [0x000000076b180000, 0x000000078ce80000, 0x00000007c0000000)
  eden space 131072K, 0% used [0x000000076b180000,0x000000076b180000,0x0000000773180000)
  from space 10752K, 100% used [0x0000000773180000,0x0000000773c00000,0x0000000773c00000)
  to   space 152576K, 0% used [0x0000000783980000,0x0000000783980000,0x000000078ce80000)
 ParOldGen       total 310272K, used 291905K [0x00000006c1400000, 0x00000006d4300000, 0x000000076b180000)
  object space 310272K, 94% used [0x00000006c1400000,0x00000006d3110628,0x00000006d4300000)
 Metaspace       used 16916K, capacity 17114K, committed 17536K, reserved 1064960K
  class space    used 1771K, capacity 1855K, committed 1920K, reserved 1048576K
Event: 6.635 GC heap after
Heap after GC invocations=7 (full 2):
 PSYoungGen      total 141824K, used 0K [0x000000076b180000, 0x000000078ce80000, 0x00000007c0000000)
  eden space 131072K, 0% used [0x000000076b180000,0x000000076b180000,0x0000000773180000)
  from space 10752K, 0% used [0x0000000773180000,0x0000000773180000,0x0000000773c00000)
  to   space 152576K, 0% used [0x0000000783980000,0x0000000783980000,0x000000078ce80000)
 ParOldGen       total 357888K, used 142406K [0x00000006c1400000, 0x00000006d7180000, 0x000000076b180000)
  object space 357888K, 39% used [0x00000006c1400000,0x00000006c9f11b48,0x00000006d7180000)
 Metaspace       used 16916K, capacity 17114K, committed 17536K, reserved 1064960K
  class space    used 1771K, capacity 1855K, committed 1920K, reserved 1048576K
}
Event: 6.664 GC heap before
{Heap before GC invocations=8 (full 2):
 PSYoungGen      total 141824K, used 131072K [0x000000076b180000, 0x000000078ce80000, 0x00000007c0000000)
  eden space 131072K, 100% used [0x000000076b180000,0x0000000773180000,0x0000000773180000)
  from space 10752K, 0% used [0x0000000773180000,0x0000000773180000,0x0000000773c00000)
  to   space 152576K, 0% used [0x0000000783980000,0x0000000783980000,0x000000078ce80000)
 ParOldGen       total 357888K, used 142406K [0x00000006c1400000, 0x00000006d7180000, 0x000000076b180000)
  object space 357888K, 39% used [0x00000006c1400000,0x00000006c9f11b48,0x00000006d7180000)
 Metaspace       used 16916K, capacity 17114K, committed 17536K, reserved 1064960K
  class space    used 1771K, capacity 1855K, committed 1920K, reserved 1048576K
Event: 6.702 GC heap after
Heap after GC invocations=8 (full 2):
 PSYoungGen      total 378880K, used 131968K [0x000000076b180000, 0x000000078fe00000, 0x00000007c0000000)
  eden space 226304K, 0% used [0x000000076b180000,0x000000076b180000,0x0000000778e80000)
  from space 152576K, 86% used [0x0000000783980000,0x000000078ba60000,0x000000078ce80000)
  to   space 175104K, 0% used [0x0000000778e80000,0x0000000778e80000,0x0000000783980000)
 ParOldGen       total 357888K, used 142406K [0x00000006c1400000, 0x00000006d7180000, 0x000000076b180000)
  object space 357888K, 39% used [0x00000006c1400000,0x00000006c9f11b48,0x00000006d7180000)
 Metaspace       used 16916K, capacity 17114K, committed 17536K, reserved 1064960K
  class space    used 1771K, capacity 1855K, committed 1920K, reserved 1048576K
}
Event: 7.284 GC heap before
{Heap before GC invocations=9 (full 2):
 PSYoungGen      total 378880K, used 358272K [0x000000076b180000, 0x000000078fe00000, 0x00000007c0000000)
  eden space 226304K, 100% used [0x000000076b180000,0x0000000778e80000,0x0000000778e80000)
  from space 152576K, 86% used [0x0000000783980000,0x000000078ba60000,0x000000078ce80000)
  to   space 175104K, 0% used [0x0000000778e80000,0x0000000778e80000,0x0000000783980000)
 ParOldGen       total 357888K, used 142406K [0x00000006c1400000, 0x00000006d7180000, 0x000000076b180000)
  object space 357888K, 39% used [0x00000006c1400000,0x00000006c9f11b48,0x00000006d7180000)
 Metaspace       used 16918K, capacity 17114K, committed 17536K, reserved 1064960K
  class space    used 1771K, capacity 1855K, committed 1920K, reserved 1048576K
Event: 7.382 GC heap after
Heap after GC invocations=9 (full 2):
 PSYoungGen      total 401408K, used 175072K [0x000000076b180000, 0x00000007ab180000, 0x00000007c0000000)
  eden space 226304K, 0% used [0x000000076b180000,0x000000076b180000,0x0000000778e80000)
  from space 175104K, 99% used [0x0000000778e80000,0x0000000783978240,0x0000000783980000)
  to   space 307712K, 0% used [0x0000000798500000,0x0000000798500000,0x00000007ab180000)
 ParOldGen       total 357888K, used 336203K [0x00000006c1400000, 0x00000006d7180000, 0x000000076b180000)
  object space 357888K, 93% used [0x00000006c1400000,0x00000006d5c52e88,0x00000006d7180000)
 Metaspace       used 16918K, capacity 17114K, committed 17536K, reserved 1064960K
  class space    used 1771K, capacity 1855K, committed 1920K, reserved 1048576K
}
Event: 7.382 GC heap before
{Heap before GC invocations=10 (full 3):
 PSYoungGen      total 401408K, used 175072K [0x000000076b180000, 0x00000007ab180000, 0x00000007c0000000)
  eden space 226304K, 0% used [0x000000076b180000,0x000000076b180000,0x0000000778e80000)
  from space 175104K, 99% used [0x0000000778e80000,0x0000000783978240,0x0000000783980000)
  to   space 307712K, 0% used [0x0000000798500000,0x0000000798500000,0x00000007ab180000)
 ParOldGen       total 357888K, used 336203K [0x00000006c1400000, 0x00000006d7180000, 0x000000076b180000)
  object space 357888K, 93% used [0x00000006c1400000,0x00000006d5c52e88,0x00000006d7180000)
 Metaspace       used 16918K, capacity 17114K, committed 17536K, reserved 1064960K
  class space    used 1771K, capacity 1855K, committed 1920K, reserved 1048576K
Event: 7.582 GC heap after
Heap after GC invocations=10 (full 3):
 PSYoungGen      total 401408K, used 142035K [0x000000076b180000, 0x00000007ab180000, 0x00000007c0000000)
  eden space 226304K, 0% used [0x000000076b180000,0x000000076b180000,0x0000000778e80000)
  from space 175104K, 81% used [0x0000000778e80000,0x0000000781934cd0,0x0000000783980000)
  to   space 307712K, 0% used [0x0000000798500000,0x0000000798500000,0x00000007ab180000)
 ParOldGen       total 636416K, used 357618K [0x00000006c1400000, 0x00000006e8180000, 0x000000076b180000)
  object space 636416K, 56% used [0x00000006c1400000,0x00000006d713c908,0x00000006e8180000)
 Metaspace       used 16918K, capacity 17114K, committed 17536K, reserved 1064960K
  class space    used 1771K, capacity 1855K, committed 1920K, reserved 1048576K
}

Deoptimization events (10 events):
Event: 8.570 Thread 0x000000001fb4b800 Uncommon trap: reason=array_check action=maybe_recompile pc=0x0000000002ebc604 method=java.util.AbstractCollection.toArray([Ljava/lang/Object;)[Ljava/lang/Object; @ 119
Event: 8.570 Thread 0x000000001fb4b800 Uncommon trap: reason=array_check action=maybe_recompile pc=0x0000000002ebc604 method=java.util.AbstractCollection.toArray([Ljava/lang/Object;)[Ljava/lang/Object; @ 119
Event: 8.570 Thread 0x000000001fb4b800 Uncommon trap: reason=array_check action=maybe_recompile pc=0x0000000002ebc604 method=java.util.AbstractCollection.toArray([Ljava/lang/Object;)[Ljava/lang/Object; @ 119
Event: 8.637 Thread 0x000000001fb4b800 Uncommon trap: reason=unstable_if action=reinterpret pc=0x0000000002ed9704 method=java.lang.String.split(Ljava/lang/String;I)[Ljava/lang/String; @ 8
Event: 8.735 Thread 0x000000001fb4b800 Uncommon trap: reason=unstable_if action=reinterpret pc=0x0000000002ea57e8 method=java.lang.String.trim()Ljava/lang/String; @ 23
Event: 8.735 Thread 0x000000001fb4b800 Uncommon trap: reason=unstable_if action=reinterpret pc=0x0000000002ee3874 method=java.lang.String.split(Ljava/lang/String;I)[Ljava/lang/String; @ 207
Event: 8.735 Thread 0x000000001fb4b800 Uncommon trap: reason=unstable_if action=reinterpret pc=0x0000000002ea66dc method=sun.misc.FloatingDecimal.readJavaFormatString(Ljava/lang/String;)Lsun/misc/FloatingDecimal$ASCIIToBinaryConverter; @ 178
Event: 8.934 Thread 0x000000001fb4b800 Uncommon trap: reason=unstable_if action=reinterpret pc=0x0000000002ede094 method=com.jogamp.opengl.util.PNGPixelRect.getPixelRGBSame(Ljava/nio/ByteBuffer;I[III)I @ 52
Event: 8.935 Thread 0x000000001fb4b800 Uncommon trap: reason=unstable_if action=reinterpret pc=0x0000000002f21b94 method=com.jogamp.opengl.util.PNGPixelRect.getPixelRGBSame(Ljava/nio/ByteBuffer;I[III)I @ 52
Event: 8.945 Thread 0x000000001fb4b800 Uncommon trap: reason=range_check action=make_not_entrant pc=0x0000000002f1997c method=com.jogamp.opengl.util.PNGPixelRect.getPixelRGBSame(Ljava/nio/ByteBuffer;I[III)I @ 28

Internal exceptions (10 events):
Event: 0.197 Thread 0x0000000002922800 Exception <a 'java/security/PrivilegedActionException'> (0x000000076b6f7088) thrown at [C:\re\workspace\8-2-build-windows-amd64-cygwin\jdk8u144\9417\hotspot\src\share\vm\prims\jvm.cpp, line 1390]
Event: 0.197 Thread 0x0000000002922800 Exception <a 'java/security/PrivilegedActionException'> (0x000000076b6f7298) thrown at [C:\re\workspace\8-2-build-windows-amd64-cygwin\jdk8u144\9417\hotspot\src\share\vm\prims\jvm.cpp, line 1390]
Event: 0.197 Thread 0x0000000002922800 Exception <a 'java/security/PrivilegedActionException'> (0x000000076b6fb280) thrown at [C:\re\workspace\8-2-build-windows-amd64-cygwin\jdk8u144\9417\hotspot\src\share\vm\prims\jvm.cpp, line 1390]
Event: 0.197 Thread 0x0000000002922800 Exception <a 'java/security/PrivilegedActionException'> (0x000000076b6fb490) thrown at [C:\re\workspace\8-2-build-windows-amd64-cygwin\jdk8u144\9417\hotspot\src\share\vm\prims\jvm.cpp, line 1390]
Event: 0.201 Thread 0x0000000002922800 Exception <a 'java/io/FileNotFoundException'> (0x000000076b703a38) thrown at [C:\re\workspace\8-2-build-windows-amd64-cygwin\jdk8u144\9417\hotspot\src\share\vm\prims\jni.cpp, line 709]
Event: 0.234 Thread 0x0000000002922800 Exception <a 'java/lang/NoSuchFieldError': method resolution failed> (0x000000076b82f828) thrown at [C:\re\workspace\8-2-build-windows-amd64-cygwin\jdk8u144\9417\hotspot\src\share\vm\prims\methodHandles.cpp, line 1146]
Event: 0.236 Thread 0x0000000002922800 Exception <a 'java/lang/NoSuchFieldError': method resolution failed> (0x000000076b83d6a0) thrown at [C:\re\workspace\8-2-build-windows-amd64-cygwin\jdk8u144\9417\hotspot\src\share\vm\prims\methodHandles.cpp, line 1146]
Event: 0.277 Thread 0x0000000002922800 Exception <a 'java/io/FileNotFoundException'> (0x000000076b98b918) thrown at [C:\re\workspace\8-2-build-windows-amd64-cygwin\jdk8u144\9417\hotspot\src\share\vm\prims\jni.cpp, line 709]
Event: 0.316 Thread 0x0000000002922800 Implicit null exception at 0x0000000002bac626 to 0x0000000002bac80d
Event: 4.770 Thread 0x0000000002922800 Exception <a 'java/lang/reflect/InvocationTargetException'> (0x000000076de6b850) thrown at [C:\re\workspace\8-2-build-windows-amd64-cygwin\jdk8u144\9417\hotspot\src\share\vm\runtime\reflection.cpp, line 1092]

Events (10 events):
Event: 13.892 Thread 0x000000001e450000 flushing nmethod 0x0000000002b23b90
Event: 13.892 Thread 0x000000001e450000 flushing nmethod 0x0000000002b25550
Event: 13.892 Thread 0x000000001e450000 flushing nmethod 0x0000000002b2f210
Event: 13.892 Thread 0x000000001e450000 flushing nmethod 0x0000000002b2f790
Event: 13.892 Thread 0x000000001e450000 flushing nmethod 0x0000000002b30510
Event: 13.892 Thread 0x000000001e450000 flushing nmethod 0x0000000002b37450
Event: 13.892 Thread 0x000000001e450000 flushing nmethod 0x0000000002b39110
Event: 13.892 Thread 0x000000001e450000 flushing nmethod 0x0000000002b3a350
Event: 13.892 Thread 0x000000001e450000 flushing nmethod 0x0000000002b68210
Event: 13.892 Thread 0x000000001e450000 flushing nmethod 0x0000000002bac490


Dynamic libraries:
0x00007ff64d3c0000 - 0x00007ff64d3f7000 	C:\Program Files\Java\jdk1.8.0_144\bin\java.exe
0x00007ffa96050000 - 0x00007ffa96231000 	C:\WINDOWS\SYSTEM32\ntdll.dll
0x00007ffa95150000 - 0x00007ffa95202000 	C:\WINDOWS\System32\KERNEL32.DLL
0x00007ffa92570000 - 0x00007ffa927e3000 	C:\WINDOWS\System32\KERNELBASE.dll
0x00007ffa95210000 - 0x00007ffa952b1000 	C:\WINDOWS\System32\ADVAPI32.dll
0x00007ffa93660000 - 0x00007ffa936fe000 	C:\WINDOWS\System32\msvcrt.dll
0x00007ffa95610000 - 0x00007ffa9566b000 	C:\WINDOWS\System32\sechost.dll
0x00007ffa94f00000 - 0x00007ffa95024000 	C:\WINDOWS\System32\RPCRT4.dll
0x00007ffa95cf0000 - 0x00007ffa95e80000 	C:\WINDOWS\System32\USER32.dll
0x00007ffa931a0000 - 0x00007ffa931c0000 	C:\WINDOWS\System32\win32u.dll
0x00007ffa93560000 - 0x00007ffa93588000 	C:\WINDOWS\System32\GDI32.dll
0x00007ffa927f0000 - 0x00007ffa92982000 	C:\WINDOWS\System32\gdi32full.dll
0x00007ffa92420000 - 0x00007ffa924bf000 	C:\WINDOWS\System32\msvcp_win.dll
0x00007ffa92990000 - 0x00007ffa92a8a000 	C:\WINDOWS\System32\ucrtbase.dll
0x00007ffa86190000 - 0x00007ffa863f9000 	C:\WINDOWS\WinSxS\amd64_microsoft.windows.common-controls_6595b64144ccf1df_6.0.17134.345_none_fb429a5930656358\COMCTL32.dll
0x00007ffa952c0000 - 0x00007ffa955e3000 	C:\WINDOWS\System32\combase.dll
0x00007ffa931c0000 - 0x00007ffa9323a000 	C:\WINDOWS\System32\bcryptPrimitives.dll
0x00007ffa93900000 - 0x00007ffa9392d000 	C:\WINDOWS\System32\IMM32.DLL
0x00000000757f0000 - 0x00000000758c2000 	C:\Program Files\Java\jdk1.8.0_144\jre\bin\msvcr100.dll
0x0000000073c90000 - 0x000000007452d000 	C:\Program Files\Java\jdk1.8.0_144\jre\bin\server\jvm.dll
0x00007ffa93800000 - 0x00007ffa93808000 	C:\WINDOWS\System32\PSAPI.DLL
0x00007ffa8ec40000 - 0x00007ffa8ec49000 	C:\WINDOWS\SYSTEM32\WSOCK32.dll
0x00007ffa8e420000 - 0x00007ffa8e42a000 	C:\WINDOWS\SYSTEM32\VERSION.dll
0x00007ffa95c80000 - 0x00007ffa95cec000 	C:\WINDOWS\System32\WS2_32.dll
0x00007ffa84ba0000 - 0x00007ffa84bc3000 	C:\WINDOWS\SYSTEM32\WINMM.dll
0x00007ffa83f30000 - 0x00007ffa83f5a000 	C:\WINDOWS\SYSTEM32\winmmbase.dll
0x00007ffa93490000 - 0x00007ffa934d9000 	C:\WINDOWS\System32\cfgmgr32.dll
0x0000000077570000 - 0x000000007757f000 	C:\Program Files\Java\jdk1.8.0_144\jre\bin\verify.dll
0x0000000076400000 - 0x0000000076429000 	C:\Program Files\Java\jdk1.8.0_144\jre\bin\java.dll
0x00000000756a0000 - 0x00000000756c3000 	C:\Program Files\Java\jdk1.8.0_144\jre\bin\instrument.dll
0x0000000077430000 - 0x0000000077446000 	C:\Program Files\Java\jdk1.8.0_144\jre\bin\zip.dll
0x00007ffa93940000 - 0x00007ffa94d7f000 	C:\WINDOWS\System32\SHELL32.dll
0x00007ffa95090000 - 0x00007ffa95139000 	C:\WINDOWS\System32\shcore.dll
0x00007ffa92a90000 - 0x00007ffa9319d000 	C:\WINDOWS\System32\windows.storage.dll
0x00007ffa95ac0000 - 0x00007ffa95b11000 	C:\WINDOWS\System32\shlwapi.dll
0x00007ffa92400000 - 0x00007ffa92411000 	C:\WINDOWS\System32\kernel.appcore.dll
0x00007ffa92360000 - 0x00007ffa9237f000 	C:\WINDOWS\System32\profapi.dll
0x00007ffa923a0000 - 0x00007ffa923ec000 	C:\WINDOWS\System32\powrprof.dll
0x00007ffa923f0000 - 0x00007ffa923fa000 	C:\WINDOWS\System32\FLTLIB.DLL
0x00007ffa89ae0000 - 0x00007ffa89afa000 	C:\Program Files\JetBrains\IntelliJ IDEA Community Edition 2018.1.3\bin\breakgen64.dll
0x0000000075710000 - 0x000000007572a000 	C:\Program Files\Java\jdk1.8.0_144\jre\bin\net.dll
0x00007ffa91be0000 - 0x00007ffa91c46000 	C:\WINDOWS\system32\mswsock.dll
0x0000000073af0000 - 0x0000000073c88000 	C:\Program Files\Java\jdk1.8.0_144\jre\bin\awt.dll
0x00007ffa93590000 - 0x00007ffa93652000 	C:\WINDOWS\System32\OLEAUT32.dll
0x00007ffa906c0000 - 0x00007ffa9074b000 	C:\WINDOWS\SYSTEM32\apphelp.dll
0x00007ffa90ad0000 - 0x00007ffa90af9000 	C:\WINDOWS\system32\DWMAPI.DLL
0x00007ffa907f0000 - 0x00007ffa90888000 	C:\WINDOWS\system32\uxtheme.dll
0x00007ffa73420000 - 0x00007ffa73540000 	C:\WINDOWS\system32\opengl32.dll
0x00007ffa88ed0000 - 0x00007ffa88efc000 	C:\WINDOWS\SYSTEM32\GLU32.dll
0x00007ffa94d80000 - 0x00007ffa94ef4000 	C:\WINDOWS\System32\MSCTF.dll
0x00007ffa95b20000 - 0x00007ffa95c71000 	C:\WINDOWS\System32\ole32.dll
0x00007ffa919a0000 - 0x00007ffa91a5e000 	C:\WINDOWS\SYSTEM32\DNSAPI.dll
0x00007ffa95140000 - 0x00007ffa95148000 	C:\WINDOWS\System32\NSI.dll
0x00007ffa91960000 - 0x00007ffa91998000 	C:\WINDOWS\SYSTEM32\IPHLPAPI.DLL
0x00007ffa89800000 - 0x00007ffa8980a000 	C:\Windows\System32\rasadhlp.dll
0x00007ffa8a200000 - 0x00007ffa8a272000 	C:\WINDOWS\System32\fwpuclnt.dll
0x00007ffa91ec0000 - 0x00007ffa91ee5000 	C:\WINDOWS\SYSTEM32\bcrypt.dll
0x00007ffa59630000 - 0x00007ffa5969a000 	C:\Program Files (x86)\Overwolf\0.119.1.19\OWExplorer.dll
0x00007ffa93240000 - 0x00007ffa93422000 	C:\WINDOWS\System32\CRYPT32.dll
0x00007ffa92380000 - 0x00007ffa92392000 	C:\WINDOWS\System32\MSASN1.dll
0x00007ffa8a630000 - 0x00007ffa8a7f9000 	C:\WINDOWS\SYSTEM32\dbghelp.dll
0x00007ffa83a60000 - 0x00007ffa83a89000 	C:\WINDOWS\SYSTEM32\dbgcore.DLL
0x00007ffa91d90000 - 0x00007ffa91da7000 	C:\WINDOWS\SYSTEM32\CRYPTSP.dll
0x00007ffa917c0000 - 0x00007ffa917f3000 	C:\WINDOWS\system32\rsaenh.dll
0x00007ffa92260000 - 0x00007ffa92288000 	C:\WINDOWS\SYSTEM32\USERENV.dll
0x00007ffa91db0000 - 0x00007ffa91dbb000 	C:\WINDOWS\SYSTEM32\CRYPTBASE.dll
0x00007ffa8a470000 - 0x00007ffa8a486000 	C:\WINDOWS\SYSTEM32\dhcpcsvc6.DLL
0x00007ffa8a3b0000 - 0x00007ffa8a3ca000 	C:\WINDOWS\SYSTEM32\dhcpcsvc.DLL
0x0000000075680000 - 0x0000000075691000 	C:\Program Files\Java\jdk1.8.0_144\jre\bin\nio.dll
0x0000000070c10000 - 0x0000000070c41000 	C:\Program Files\Java\jdk1.8.0_144\jre\bin\jpeg.dll
0x00000000637c0000 - 0x00000000637cd000 	C:\Users\Peter\AppData\Local\Temp\jogamp_0000\file_cache\jln2392679894867086442\jln3549930654133588170\natives\windows-amd64\gluegen-rt.dll
0x0000000070c00000 - 0x0000000070c07000 	C:\Program Files\Java\jdk1.8.0_144\jre\bin\jawt.dll
0x000000006a440000 - 0x000000006a44d000 	C:\Users\Peter\AppData\Local\Temp\jogamp_0000\file_cache\jln2392679894867086442\jln3549930654133588170\natives\windows-amd64\nativewindow_awt.dll
0x000000006c100000 - 0x000000006c10f000 	C:\Users\Peter\AppData\Local\Temp\jogamp_0000\file_cache\jln2392679894867086442\jln3549930654133588170\natives\windows-amd64\nativewindow_win32.dll
0x0000000064500000 - 0x00000000645b1000 	C:\Users\Peter\AppData\Local\Temp\jogamp_0000\file_cache\jln2392679894867086442\jln3549930654133588170\natives\windows-amd64\jogl_desktop.dll
0x0000000064340000 - 0x00000000643a2000 	C:\Users\Peter\AppData\Local\Temp\jogamp_0000\file_cache\jln2392679894867086442\jln3549930654133588170\natives\windows-amd64\jogl_mobile.dll
0x00000000712a0000 - 0x000000007351c000 	C:\WINDOWS\SYSTEM32\nvoglv64.DLL
0x00007ffa95670000 - 0x00007ffa95abb000 	C:\WINDOWS\System32\SETUPAPI.dll
0x00007ffa8e1f0000 - 0x00007ffa8e203000 	C:\WINDOWS\SYSTEM32\WTSAPI32.dll
0x00007ffa92170000 - 0x00007ffa92197000 	C:\WINDOWS\SYSTEM32\DEVOBJ.dll
0x00007ffa93430000 - 0x00007ffa93487000 	C:\WINDOWS\System32\WINTRUST.dll
0x00007ffa91450000 - 0x00007ffa91481000 	C:\WINDOWS\SYSTEM32\ntmarta.dll
0x00007ffa597b0000 - 0x00007ffa59a38000 	C:\WINDOWS\system32\nvspcap64.dll
0x00007ffa914c0000 - 0x00007ffa91516000 	C:\WINDOWS\SYSTEM32\WINSTA.dll
0x0000000070bb0000 - 0x0000000070bf7000 	C:\Program Files\Java\jdk1.8.0_144\jre\bin\fontmanager.dll
0x00007ffa7cea0000 - 0x00007ffa7cf37000 	C:\WINDOWS\System32\TextInputFramework.dll
0x00007ffa7cb00000 - 0x00007ffa7ce1e000 	C:\WINDOWS\System32\CoreUIComponents.dll
0x00007ffa903b0000 - 0x00007ffa9048a000 	C:\WINDOWS\System32\CoreMessaging.dll
0x00007ffa8e8a0000 - 0x00007ffa8e9ed000 	C:\WINDOWS\SYSTEM32\wintypes.dll
0x00007ffa84eb0000 - 0x00007ffa84f1b000 	C:\WINDOWS\system32\Oleacc.dll
0x00007ffa93760000 - 0x00007ffa93800000 	C:\WINDOWS\System32\clbcatq.dll
0x00007ffa35980000 - 0x00007ffa35c42000 	C:\Windows\System32\IME\IMEJP\imjptip.dll
0x00007ffa8cfd0000 - 0x00007ffa8d184000 	C:\WINDOWS\SYSTEM32\PROPSYS.dll
0x00007ffa87ee0000 - 0x00007ffa88185000 	C:\WINDOWS\SYSTEM32\iertutil.dll
0x00007ffa35760000 - 0x00007ffa3597d000 	C:\Windows\System32\IME\IMEJP\imjpapi.dll
0x00007ffa773c0000 - 0x00007ffa77400000 	C:\Windows\System32\IME\shared\imjkapi.dll
0x00007ffa8d400000 - 0x00007ffa8d47f000 	C:\WINDOWS\SYSTEM32\policymanager.dll
0x00007ffa8d9d0000 - 0x00007ffa8da61000 	C:\WINDOWS\SYSTEM32\msvcp110_win.dll
0x00007ffa5acd0000 - 0x00007ffa5ad61000 	C:\Windows\System32\IME\IMEJP\imjppred.dll
0x00007ffa42140000 - 0x00007ffa42296000 	C:\Windows\System32\IME\shared\imetip.dll
0x00007ffa7b7f0000 - 0x00007ffa7b99b000 	C:\WINDOWS\SYSTEM32\DUI70.dll
0x00007ffa77380000 - 0x00007ffa773bb000 	C:\Windows\System32\IME\shared\imecfm.dll
0x00007ffa90950000 - 0x00007ffa90a11000 	C:\WINDOWS\SYSTEM32\wer.dll
0x00007ffa8c420000 - 0x00007ffa8c43f000 	C:\Windows\System32\IME\SHARED\imesearchdll.dll
0x00007ffa91120000 - 0x00007ffa911db000 	C:\WINDOWS\system32\dxgi.dll
0x00007ffa8f410000 - 0x00007ffa8f71b000 	C:\WINDOWS\system32\d3d11.dll
0x00007ffa65a10000 - 0x00007ffa65af1000 	C:\WINDOWS\System32\DriverStore\FileRepository\nvltui.inf_amd64_47b7c4140ca0d913\nvldumdx.dll
0x00007ffa955f0000 - 0x00007ffa9560d000 	C:\WINDOWS\System32\imagehlp.dll
0x00007ffa4a560000 - 0x00007ffa4bee8000 	C:\WINDOWS\System32\DriverStore\FileRepository\nvltui.inf_amd64_47b7c4140ca0d913\nvwgf2umx.dll
0x00007ffa5b660000 - 0x00007ffa5ba9f000 	C:\WINDOWS\system32\nvapi64.dll
0x00007ffa79460000 - 0x00007ffa7a3be000 	C:\WINDOWS\SYSTEM32\igd10iumd64.dll
0x00007ffa91e90000 - 0x00007ffa91eb6000 	C:\WINDOWS\SYSTEM32\ncrypt.dll
0x00007ffa91e50000 - 0x00007ffa91e86000 	C:\WINDOWS\SYSTEM32\NTASN1.dll
0x00007ffa78810000 - 0x00007ffa79250000 	C:\WINDOWS\SYSTEM32\igdusc64.dll
0x00007ffa8fd90000 - 0x00007ffa8ff2c000 	C:\WINDOWS\SYSTEM32\dcomp.dll
0x00007ffa8db50000 - 0x00007ffa8db5c000 	C:\Windows\System32\IME\SHARED\imebrokerps.dll
0x00007ffa641e0000 - 0x00007ffa6421d000 	C:\Windows\System32\mtf.dll

VM Arguments:
jvm_args: -javaagent:C:\Program Files\JetBrains\IntelliJ IDEA Community Edition 2018.1.3\lib\idea_rt.jar=8837:C:\Program Files\JetBrains\IntelliJ IDEA Community Edition 2018.1.3\bin -Dfile.encoding=UTF-8 
java_command: Solar
java_class_path (initial): C:\Program Files\Java\jdk1.8.0_144\jre\lib\charsets.jar;C:\Program Files\Java\jdk1.8.0_144\jre\lib\deploy.jar;C:\Program Files\Java\jdk1.8.0_144\jre\lib\ext\access-bridge-64.jar;C:\Program Files\Java\jdk1.8.0_144\jre\lib\ext\cldrdata.jar;C:\Program Files\Java\jdk1.8.0_144\jre\lib\ext\dnsns.jar;C:\Program Files\Java\jdk1.8.0_144\jre\lib\ext\jaccess.jar;C:\Program Files\Java\jdk1.8.0_144\jre\lib\ext\jfxrt.jar;C:\Program Files\Java\jdk1.8.0_144\jre\lib\ext\localedata.jar;C:\Program Files\Java\jdk1.8.0_144\jre\lib\ext\nashorn.jar;C:\Program Files\Java\jdk1.8.0_144\jre\lib\ext\sunec.jar;C:\Program Files\Java\jdk1.8.0_144\jre\lib\ext\sunjce_provider.jar;C:\Program Files\Java\jdk1.8.0_144\jre\lib\ext\sunmscapi.jar;C:\Program Files\Java\jdk1.8.0_144\jre\lib\ext\sunpkcs11.jar;C:\Program Files\Java\jdk1.8.0_144\jre\lib\ext\zipfs.jar;C:\Program Files\Java\jdk1.8.0_144\jre\lib\javaws.jar;C:\Program Files\Java\jdk1.8.0_144\jre\lib\jce.jar;C:\Program Files\Java\jdk1.8.0_144\jre\lib\jfr.jar;C:\Program Files\Java\jdk1.8.0_144\jre\lib\jfxswt.jar;C:\Program Files\Java\jdk1.8.0_144\jre\lib\jsse.jar;C:\Program Files\Java\jdk1.8.0_144\jre\lib\management-agent.jar;C:\Program Files\Java\jdk1.8.0_144\jre\lib\plugin.jar;C:\Program Files\Java\jdk1.8.0_144\jre\lib\resources.jar;C:\Program Files\Java\jdk1.8.0_144\jre\lib\rt.jar;C:\Users\Peter\Documents\JOGL\jogamp-all-platforms\jar\gluegen-rt.jar;C:\Users\Peter\Documents\JOGL\jogamp-all-platforms\jar\jogl-all.jar;C:\Users\Peter\Documents\JOGL\graphicslib3D\graphicslib3D.jar;C:\Users\Peter\IdeaProjects\SolarSystem\out\production\SolarSystem;C:\Program Files\JetBrains\IntelliJ IDEA Community Edition 2018.1.3\lib\idea_rt.jar
Launcher Type: SUN_STANDARD

Environment Variables:
USERNAME=Peter
OS=Windows_NT
PROCESSOR_IDENTIFIER=Intel64 Family 6 Model 60 Stepping 3, GenuineIntel



---------------  S Y S T E M  ---------------

OS: Windows 10.0 , 64 bit Build 17134 (10.0.17134.1)

CPU:total 8 (initial active 8) (4 cores per cpu, 2 threads per core) family 6 model 60 stepping 3, cmov, cx8, fxsr, mmx, sse, sse2, sse3, ssse3, sse4.1, sse4.2, popcnt, avx, avx2, aes, clmul, erms, lzcnt, ht, tsc, tscinvbit, bmi1, bmi2

Memory: 4k page, physical 16687384k(4509788k free), swap 22831384k(4320k free)

vm_info: Java HotSpot(TM) 64-Bit Server VM (25.144-b01) for windows-amd64 JRE (1.8.0_144-b01), built on Jul 21 2017 21:57:33 by "java_re" with MS VC++ 10.0 (VS2010)

time: Sun Nov 11 20:11:30 2018
elapsed time: 18 seconds (0d 0h 0m 18s)

