#
# There is insufficient memory for the Java Runtime Environment to continue.
# Native memory allocation (malloc) failed to allocate 296816 bytes for Chunk::new
# Possible reasons:
#   The system is out of physical RAM or swap space
#   In 32 bit mode, the process size limit was hit
# Possible solutions:
#   Reduce memory load on the system
#   Increase physical memory or swap space
#   Check if swap backing store is full
#   Use 64 bit Java on a 64 bit OS
#   Decrease Java heap size (-Xmx/-Xms)
#   Decrease number of Java threads
#   Decrease Java thread stack sizes (-Xss)
#   Set larger code cache with -XX:ReservedCodeCacheSize=
# This output file may be truncated or incomplete.
#
#  Out of Memory Error (allocation.cpp:390), pid=27172, tid=0x0000000000006c30
#
# JRE version: Java(TM) SE Runtime Environment (8.0_144-b01) (build 1.8.0_144-b01)
# Java VM: Java HotSpot(TM) 64-Bit Server VM (25.144-b01 mixed mode windows-amd64 compressed oops)
# Failed to write core dump. Minidumps are not enabled by default on client versions of Windows
#

---------------  T H R E A D  ---------------

Current thread (0x000000001e52d000):  JavaThread "C2 CompilerThread1" daemon [_thread_in_native, id=27696, stack(0x000000001ee30000,0x000000001ef30000)]

Stack: [0x000000001ee30000,0x000000001ef30000]
[error occurred during error reporting (printing stack bounds), id 0xc0000005]

Native frames: (J=compiled Java code, j=interpreted, Vv=VM code, C=native code)


Current CompileTask:
C2:  20802 1795       4       sun.misc.FloatingDecimal$BinaryToASCIIBuffer::dtoa (1509 bytes)


---------------  P R O C E S S  ---------------

Java Threads: ( => current thread )
  0x0000000002a12800 JavaThread "DestroyJavaVM" [_thread_blocked, id=9796, stack(0x00000000027b0000,0x00000000028b0000)]
  0x000000001faed000 JavaThread "main-FPSAWTAnimator#00-Timer0" [_thread_blocked, id=22228, stack(0x0000000029ad0000,0x0000000029bd0000)]
  0x000000001f9c6000 JavaThread "AWT-EventQueue-0" [_thread_blocked, id=18672, stack(0x00000000289f0000,0x0000000028af0000)]
  0x000000001f9c5800 JavaThread "AWT-Shutdown" [_thread_blocked, id=15920, stack(0x0000000022ad0000,0x0000000022bd0000)]
  0x000000001fac6800 JavaThread "main-SharedResourceRunner" daemon [_thread_blocked, id=26512, stack(0x00000000223d0000,0x00000000224d0000)]
  0x000000001f56b000 JavaThread "AWT-Windows" daemon [_thread_in_native, id=11984, stack(0x000000001ff50000,0x0000000020050000)]
  0x000000001e755800 JavaThread "Java2D Disposer" daemon [_thread_blocked, id=27860, stack(0x000000001fd50000,0x000000001fe50000)]
  0x000000001e5d9000 JavaThread "Service Thread" daemon [_thread_blocked, id=14236, stack(0x000000001f130000,0x000000001f230000)]
  0x000000001e544000 JavaThread "C1 CompilerThread3" daemon [_thread_blocked, id=24004, stack(0x000000001f030000,0x000000001f130000)]
  0x000000001e530000 JavaThread "C2 CompilerThread2" daemon [_thread_blocked, id=29772, stack(0x000000001ef30000,0x000000001f030000)]
=>0x000000001e52d000 JavaThread "C2 CompilerThread1" daemon [_thread_in_native, id=27696, stack(0x000000001ee30000,0x000000001ef30000)]
  0x000000001e52b800 JavaThread "C2 CompilerThread0" daemon [_thread_blocked, id=3864, stack(0x000000001ed30000,0x000000001ee30000)]
  0x000000001e520000 JavaThread "Monitor Ctrl-Break" daemon [_thread_in_native, id=14416, stack(0x000000001ec30000,0x000000001ed30000)]
  0x000000001e46b000 JavaThread "Attach Listener" daemon [_thread_blocked, id=4372, stack(0x000000001eb30000,0x000000001ec30000)]
  0x000000001e46a000 JavaThread "Signal Dispatcher" daemon [_thread_blocked, id=6932, stack(0x000000001ea30000,0x000000001eb30000)]
  0x000000001e460800 JavaThread "Finalizer" daemon [_thread_blocked, id=7696, stack(0x000000001e840000,0x000000001e940000)]
  0x000000001c56d800 JavaThread "Reference Handler" daemon [_thread_blocked, id=13028, stack(0x000000001e340000,0x000000001e440000)]

Other Threads:
  0x000000001c569000 VMThread [stack: 0x000000001e240000,0x000000001e340000] [id=21808]
  0x000000001e5f7800 WatcherThread [stack: 0x000000001f230000,0x000000001f330000] [id=15896]

VM state:not at safepoint (normal execution)

VM Mutex/Monitor currently owned by a thread: None

Heap:
 PSYoungGen      total 403968K, used 312415K [0x000000076b180000, 0x00000007abb00000, 0x00000007c0000000)
  eden space 230912K, 70% used [0x000000076b180000,0x000000077507e0b8,0x0000000779300000)
  from space 173056K, 86% used [0x0000000779300000,0x0000000782519e90,0x0000000783c00000)
  to   space 307200K, 0% used [0x0000000798f00000,0x0000000798f00000,0x00000007abb00000)
 ParOldGen       total 633344K, used 355604K [0x00000006c1400000, 0x00000006e7e80000, 0x000000076b180000)
  object space 633344K, 56% used [0x00000006c1400000,0x00000006d6f45130,0x00000006e7e80000)
 Metaspace       used 17984K, capacity 18172K, committed 18688K, reserved 1067008K
  class space    used 1840K, capacity 1924K, committed 2048K, reserved 1048576K

Card table byte_map: [0x0000000011ed0000,0x00000000126d0000] byte_map_base: 0x000000000e8c6000

Marking Bits: (ParMarkBitMap*) 0x00000000744ad850
 Begin Bits: [0x0000000013420000, 0x00000000173d0000)
 End Bits:   [0x00000000173d0000, 0x000000001b380000)

Polling page: 0x00000000009e0000

CodeCache: size=245760Kb used=7750Kb max_used=7759Kb free=238009Kb
 bounds [0x0000000002b10000, 0x00000000032b0000, 0x0000000011b10000]
 total_blobs=2612 nmethods=1783 adapters=741
 compilation: enabled

Compilation events (10 events):
Event: 19.238 Thread 0x000000001e52d000 nmethod 1790 0x00000000031dc150 code [0x00000000031dc280, 0x00000000031dc318]
Event: 19.607 Thread 0x000000001e530000 1791       4       graphicslib3D.Vector3D::div (40 bytes)
Event: 19.609 Thread 0x000000001e530000 nmethod 1791 0x00000000032a8750 code [0x00000000032a88a0, 0x00000000032a89d8]
Event: 19.845 Thread 0x000000001e52b800 1792       4       java.util.ArrayList$Itr::hasNext (20 bytes)
Event: 19.846 Thread 0x000000001e52b800 nmethod 1792 0x0000000003254d50 code [0x0000000003254e80, 0x0000000003254f18]
Event: 20.003 Thread 0x000000001e544000 1793       3       java.util.Collections$UnmodifiableCollection::contains (11 bytes)
Event: 20.004 Thread 0x000000001e544000 nmethod 1793 0x00000000032a8310 code [0x00000000032a8480, 0x00000000032a86a8]
Event: 20.004 Thread 0x000000001e544000 1794       1       java.util.Collections$EmptySet::contains (2 bytes)
Event: 20.004 Thread 0x000000001e544000 nmethod 1794 0x000000000329c3d0 code [0x000000000329c520, 0x000000000329c630]
Event: 20.786 Thread 0x000000001e52d000 1795       4       sun.misc.FloatingDecimal$BinaryToASCIIBuffer::dtoa (1509 bytes)

GC Heap History (10 events):
Event: 6.322 GC heap before
{Heap before GC invocations=6 (full 1):
 PSYoungGen      total 139264K, used 139264K [0x000000076b180000, 0x0000000774680000, 0x00000007c0000000)
  eden space 128512K, 100% used [0x000000076b180000,0x0000000772f00000,0x0000000772f00000)
  from space 10752K, 100% used [0x0000000773c00000,0x0000000774680000,0x0000000774680000)
  to   space 10752K, 0% used [0x0000000773180000,0x0000000773180000,0x0000000773c00000)
 ParOldGen       total 305152K, used 163567K [0x00000006c1400000, 0x00000006d3e00000, 0x000000076b180000)
  object space 305152K, 53% used [0x00000006c1400000,0x00000006cb3bbda0,0x00000006d3e00000)
 Metaspace       used 16914K, capacity 17114K, committed 17536K, reserved 1064960K
  class space    used 1768K, capacity 1855K, committed 1920K, reserved 1048576K
Event: 6.369 GC heap after
Heap after GC invocations=6 (full 1):
 PSYoungGen      total 141824K, used 10752K [0x000000076b180000, 0x000000078cf80000, 0x00000007c0000000)
  eden space 131072K, 0% used [0x000000076b180000,0x000000076b180000,0x0000000773180000)
  from space 10752K, 100% used [0x0000000773180000,0x0000000773c00000,0x0000000773c00000)
  to   space 151040K, 0% used [0x0000000783c00000,0x0000000783c00000,0x000000078cf80000)
 ParOldGen       total 305152K, used 292812K [0x00000006c1400000, 0x00000006d3e00000, 0x000000076b180000)
  object space 305152K, 95% used [0x00000006c1400000,0x00000006d31f3280,0x00000006d3e00000)
 Metaspace       used 16914K, capacity 17114K, committed 17536K, reserved 1064960K
  class space    used 1768K, capacity 1855K, committed 1920K, reserved 1048576K
}
Event: 6.369 GC heap before
{Heap before GC invocations=7 (full 2):
 PSYoungGen      total 141824K, used 10752K [0x000000076b180000, 0x000000078cf80000, 0x00000007c0000000)
  eden space 131072K, 0% used [0x000000076b180000,0x000000076b180000,0x0000000773180000)
  from space 10752K, 100% used [0x0000000773180000,0x0000000773c00000,0x0000000773c00000)
  to   space 151040K, 0% used [0x0000000783c00000,0x0000000783c00000,0x000000078cf80000)
 ParOldGen       total 305152K, used 292812K [0x00000006c1400000, 0x00000006d3e00000, 0x000000076b180000)
  object space 305152K, 95% used [0x00000006c1400000,0x00000006d31f3280,0x00000006d3e00000)
 Metaspace       used 16914K, capacity 17114K, committed 17536K, reserved 1064960K
  class space    used 1768K, capacity 1855K, committed 1920K, reserved 1048576K
Event: 6.425 GC heap after
Heap after GC invocations=7 (full 2):
 PSYoungGen      total 141824K, used 0K [0x000000076b180000, 0x000000078cf80000, 0x00000007c0000000)
  eden space 131072K, 0% used [0x000000076b180000,0x000000076b180000,0x0000000773180000)
  from space 10752K, 0% used [0x0000000773180000,0x0000000773180000,0x0000000773c00000)
  to   space 151040K, 0% used [0x0000000783c00000,0x0000000783c00000,0x000000078cf80000)
 ParOldGen       total 355840K, used 143431K [0x00000006c1400000, 0x00000006d6f80000, 0x000000076b180000)
  object space 355840K, 40% used [0x00000006c1400000,0x00000006ca011dc0,0x00000006d6f80000)
 Metaspace       used 16914K, capacity 17114K, committed 17536K, reserved 1064960K
  class space    used 1768K, capacity 1855K, committed 1920K, reserved 1048576K
}
Event: 6.449 GC heap before
{Heap before GC invocations=8 (full 2):
 PSYoungGen      total 141824K, used 131072K [0x000000076b180000, 0x000000078cf80000, 0x00000007c0000000)
  eden space 131072K, 100% used [0x000000076b180000,0x0000000773180000,0x0000000773180000)
  from space 10752K, 0% used [0x0000000773180000,0x0000000773180000,0x0000000773c00000)
  to   space 151040K, 0% used [0x0000000783c00000,0x0000000783c00000,0x000000078cf80000)
 ParOldGen       total 355840K, used 143431K [0x00000006c1400000, 0x00000006d6f80000, 0x000000076b180000)
  object space 355840K, 40% used [0x00000006c1400000,0x00000006ca011dc0,0x00000006d6f80000)
 Metaspace       used 16914K, capacity 17114K, committed 17536K, reserved 1064960K
  class space    used 1768K, capacity 1855K, committed 1920K, reserved 1048576K
Event: 6.489 GC heap after
Heap after GC invocations=8 (full 2):
 PSYoungGen      total 381952K, used 131968K [0x000000076b180000, 0x000000078fb00000, 0x00000007c0000000)
  eden space 230912K, 0% used [0x000000076b180000,0x000000076b180000,0x0000000779300000)
  from space 151040K, 87% used [0x0000000783c00000,0x000000078bce0000,0x000000078cf80000)
  to   space 173056K, 0% used [0x0000000779300000,0x0000000779300000,0x0000000783c00000)
 ParOldGen       total 355840K, used 143431K [0x00000006c1400000, 0x00000006d6f80000, 0x000000076b180000)
  object space 355840K, 40% used [0x00000006c1400000,0x00000006ca011dc0,0x00000006d6f80000)
 Metaspace       used 16914K, capacity 17114K, committed 17536K, reserved 1064960K
  class space    used 1768K, capacity 1855K, committed 1920K, reserved 1048576K
}
Event: 7.083 GC heap before
{Heap before GC invocations=9 (full 2):
 PSYoungGen      total 381952K, used 362880K [0x000000076b180000, 0x000000078fb00000, 0x00000007c0000000)
  eden space 230912K, 100% used [0x000000076b180000,0x0000000779300000,0x0000000779300000)
  from space 151040K, 87% used [0x0000000783c00000,0x000000078bce0000,0x000000078cf80000)
  to   space 173056K, 0% used [0x0000000779300000,0x0000000779300000,0x0000000783c00000)
 ParOldGen       total 355840K, used 143431K [0x00000006c1400000, 0x00000006d6f80000, 0x000000076b180000)
  object space 355840K, 40% used [0x00000006c1400000,0x00000006ca011dc0,0x00000006d6f80000)
 Metaspace       used 16916K, capacity 17114K, committed 17536K, reserved 1064960K
  class space    used 1768K, capacity 1855K, committed 1920K, reserved 1048576K
Event: 7.179 GC heap after
Heap after GC invocations=9 (full 2):
 PSYoungGen      total 403968K, used 173056K [0x000000076b180000, 0x00000007abb00000, 0x00000007c0000000)
  eden space 230912K, 0% used [0x000000076b180000,0x000000076b180000,0x0000000779300000)
  from space 173056K, 100% used [0x0000000779300000,0x0000000783c00000,0x0000000783c00000)
  to   space 307200K, 0% used [0x0000000798f00000,0x0000000798f00000,0x00000007abb00000)
 ParOldGen       total 355840K, used 343107K [0x00000006c1400000, 0x00000006d6f80000, 0x000000076b180000)
  object space 355840K, 96% used [0x00000006c1400000,0x00000006d6310df0,0x00000006d6f80000)
 Metaspace       used 16916K, capacity 17114K, committed 17536K, reserved 1064960K
  class space    used 1768K, capacity 1855K, committed 1920K, reserved 1048576K
}
Event: 7.179 GC heap before
{Heap before GC invocations=10 (full 3):
 PSYoungGen      total 403968K, used 173056K [0x000000076b180000, 0x00000007abb00000, 0x00000007c0000000)
  eden space 230912K, 0% used [0x000000076b180000,0x000000076b180000,0x0000000779300000)
  from space 173056K, 100% used [0x0000000779300000,0x0000000783c00000,0x0000000783c00000)
  to   space 307200K, 0% used [0x0000000798f00000,0x0000000798f00000,0x00000007abb00000)
 ParOldGen       total 355840K, used 343107K [0x00000006c1400000, 0x00000006d6f80000, 0x000000076b180000)
  object space 355840K, 96% used [0x00000006c1400000,0x00000006d6310df0,0x00000006d6f80000)
 Metaspace       used 16916K, capacity 17114K, committed 17536K, reserved 1064960K
  class space    used 1768K, capacity 1855K, committed 1920K, reserved 1048576K
Event: 7.419 GC heap after
Heap after GC invocations=10 (full 3):
 PSYoungGen      total 403968K, used 149607K [0x000000076b180000, 0x00000007abb00000, 0x00000007c0000000)
  eden space 230912K, 0% used [0x000000076b180000,0x000000076b180000,0x0000000779300000)
  from space 173056K, 86% used [0x0000000779300000,0x0000000782519e90,0x0000000783c00000)
  to   space 307200K, 0% used [0x0000000798f00000,0x0000000798f00000,0x00000007abb00000)
 ParOldGen       total 633344K, used 355604K [0x00000006c1400000, 0x00000006e7e80000, 0x000000076b180000)
  object space 633344K, 56% used [0x00000006c1400000,0x00000006d6f45130,0x00000006e7e80000)
 Metaspace       used 16916K, capacity 17114K, committed 17536K, reserved 1064960K
  class space    used 1768K, capacity 1855K, committed 1920K, reserved 1048576K
}

Deoptimization events (10 events):
Event: 8.348 Thread 0x000000001f9c6000 Uncommon trap: reason=array_check action=maybe_recompile pc=0x0000000002fb9ec4 method=java.util.AbstractCollection.toArray([Ljava/lang/Model;)[Ljava/lang/Model; @ 119
Event: 8.348 Thread 0x000000001f9c6000 Uncommon trap: reason=array_check action=maybe_recompile pc=0x0000000002fb9ec4 method=java.util.AbstractCollection.toArray([Ljava/lang/Model;)[Ljava/lang/Model; @ 119
Event: 8.348 Thread 0x000000001f9c6000 Uncommon trap: reason=array_check action=maybe_recompile pc=0x0000000002fb9ec4 method=java.util.AbstractCollection.toArray([Ljava/lang/Model;)[Ljava/lang/Model; @ 119
Event: 8.348 Thread 0x000000001f9c6000 Uncommon trap: reason=array_check action=maybe_recompile pc=0x0000000002fb9ec4 method=java.util.AbstractCollection.toArray([Ljava/lang/Model;)[Ljava/lang/Model; @ 119
Event: 8.403 Thread 0x000000001f9c6000 Uncommon trap: reason=unstable_if action=reinterpret pc=0x0000000002fd1bd0 method=java.lang.String.split(Ljava/lang/String;I)[Ljava/lang/String; @ 8
Event: 8.489 Thread 0x000000001f9c6000 Uncommon trap: reason=unstable_if action=reinterpret pc=0x0000000002f72428 method=java.lang.String.trim()Ljava/lang/String; @ 23
Event: 8.489 Thread 0x000000001f9c6000 Uncommon trap: reason=unstable_if action=reinterpret pc=0x0000000002fe2ed0 method=java.lang.String.split(Ljava/lang/String;I)[Ljava/lang/String; @ 207
Event: 8.489 Thread 0x000000001f9c6000 Uncommon trap: reason=unstable_if action=reinterpret pc=0x0000000002f9e4d0 method=sun.misc.FloatingDecimal.readJavaFormatString(Ljava/lang/String;)Lsun/misc/FloatingDecimal$ASCIIToBinaryConverter; @ 178
Event: 8.675 Thread 0x000000001f9c6000 Uncommon trap: reason=unstable_if action=reinterpret pc=0x0000000002fd9414 method=com.jogamp.opengl.util.PNGPixelRect.getPixelRGBSame(Ljava/nio/ByteBuffer;I[III)I @ 52
Event: 8.682 Thread 0x000000001f9c6000 Uncommon trap: reason=range_check action=make_not_entrant pc=0x00000000030841fc method=com.jogamp.opengl.util.PNGPixelRect.getPixelRGBSame(Ljava/nio/ByteBuffer;I[III)I @ 28

Internal exceptions (10 events):
Event: 0.198 Thread 0x0000000002a12800 Exception <a 'java/security/PrivilegedActionException'> (0x000000076b6f4360) thrown at [C:\re\workspace\8-2-build-windows-amd64-cygwin\jdk8u144\9417\hotspot\src\share\vm\prims\jvm.cpp, line 1390]
Event: 0.198 Thread 0x0000000002a12800 Exception <a 'java/security/PrivilegedActionException'> (0x000000076b6f4570) thrown at [C:\re\workspace\8-2-build-windows-amd64-cygwin\jdk8u144\9417\hotspot\src\share\vm\prims\jvm.cpp, line 1390]
Event: 0.198 Thread 0x0000000002a12800 Exception <a 'java/security/PrivilegedActionException'> (0x000000076b6f8558) thrown at [C:\re\workspace\8-2-build-windows-amd64-cygwin\jdk8u144\9417\hotspot\src\share\vm\prims\jvm.cpp, line 1390]
Event: 0.198 Thread 0x0000000002a12800 Exception <a 'java/security/PrivilegedActionException'> (0x000000076b6f8768) thrown at [C:\re\workspace\8-2-build-windows-amd64-cygwin\jdk8u144\9417\hotspot\src\share\vm\prims\jvm.cpp, line 1390]
Event: 0.202 Thread 0x0000000002a12800 Exception <a 'java/io/FileNotFoundException'> (0x000000076b700d10) thrown at [C:\re\workspace\8-2-build-windows-amd64-cygwin\jdk8u144\9417\hotspot\src\share\vm\prims\jni.cpp, line 709]
Event: 0.235 Thread 0x0000000002a12800 Exception <a 'java/lang/NoSuchFieldError': method resolution failed> (0x000000076b82cb08) thrown at [C:\re\workspace\8-2-build-windows-amd64-cygwin\jdk8u144\9417\hotspot\src\share\vm\prims\methodHandles.cpp, line 1146]
Event: 0.236 Thread 0x0000000002a12800 Exception <a 'java/lang/NoSuchFieldError': method resolution failed> (0x000000076b83a980) thrown at [C:\re\workspace\8-2-build-windows-amd64-cygwin\jdk8u144\9417\hotspot\src\share\vm\prims\methodHandles.cpp, line 1146]
Event: 0.279 Thread 0x0000000002a12800 Exception <a 'java/io/FileNotFoundException'> (0x000000076b988c90) thrown at [C:\re\workspace\8-2-build-windows-amd64-cygwin\jdk8u144\9417\hotspot\src\share\vm\prims\jni.cpp, line 709]
Event: 0.316 Thread 0x0000000002a12800 Implicit null exception at 0x0000000002ca5d66 to 0x0000000002ca5f4d
Event: 4.571 Thread 0x0000000002a12800 Exception <a 'java/lang/reflect/InvocationTargetException'> (0x000000076de69c20) thrown at [C:\re\workspace\8-2-build-windows-amd64-cygwin\jdk8u144\9417\hotspot\src\share\vm\runtime\reflection.cpp, line 1092]

Events (10 events):
Event: 11.590 Thread 0x000000001e544000 flushing nmethod 0x0000000002c13850
Event: 11.590 Thread 0x000000001e544000 flushing nmethod 0x0000000002c15090
Event: 11.590 Thread 0x000000001e544000 flushing nmethod 0x0000000002c15410
Event: 11.590 Thread 0x000000001e544000 flushing nmethod 0x0000000002c1fe50
Event: 11.590 Thread 0x000000001e544000 flushing nmethod 0x0000000002c21950
Event: 11.590 Thread 0x000000001e544000 flushing nmethod 0x0000000002c273d0
Event: 11.590 Thread 0x000000001e544000 flushing nmethod 0x0000000002c29590
Event: 11.590 Thread 0x000000001e544000 flushing nmethod 0x0000000002c29950
Event: 11.676 Thread 0x000000001e544000 flushing nmethod 0x0000000002c59b90
Event: 11.732 Thread 0x000000001e52d000 flushing nmethod 0x0000000002ca5bd0


Dynamic libraries:
0x00007ff64d3c0000 - 0x00007ff64d3f7000 	C:\Program Files\Java\jdk1.8.0_144\bin\java.exe
0x00007ffa96050000 - 0x00007ffa96231000 	C:\WINDOWS\SYSTEM32\ntdll.dll
0x00007ffa95150000 - 0x00007ffa95202000 	C:\WINDOWS\System32\KERNEL32.DLL
0x00007ffa92570000 - 0x00007ffa927e3000 	C:\WINDOWS\System32\KERNELBASE.dll
0x00007ffa95210000 - 0x00007ffa952b1000 	C:\WINDOWS\System32\ADVAPI32.dll
0x00007ffa93660000 - 0x00007ffa936fe000 	C:\WINDOWS\System32\msvcrt.dll
0x00007ffa95610000 - 0x00007ffa9566b000 	C:\WINDOWS\System32\sechost.dll
0x00007ffa94f00000 - 0x00007ffa95024000 	C:\WINDOWS\System32\RPCRT4.dll
0x00007ffa95cf0000 - 0x00007ffa95e80000 	C:\WINDOWS\System32\USER32.dll
0x00007ffa931a0000 - 0x00007ffa931c0000 	C:\WINDOWS\System32\win32u.dll
0x00007ffa93560000 - 0x00007ffa93588000 	C:\WINDOWS\System32\GDI32.dll
0x00007ffa927f0000 - 0x00007ffa92982000 	C:\WINDOWS\System32\gdi32full.dll
0x00007ffa92420000 - 0x00007ffa924bf000 	C:\WINDOWS\System32\msvcp_win.dll
0x00007ffa92990000 - 0x00007ffa92a8a000 	C:\WINDOWS\System32\ucrtbase.dll
0x00007ffa86190000 - 0x00007ffa863f9000 	C:\WINDOWS\WinSxS\amd64_microsoft.windows.common-controls_6595b64144ccf1df_6.0.17134.345_none_fb429a5930656358\COMCTL32.dll
0x00007ffa952c0000 - 0x00007ffa955e3000 	C:\WINDOWS\System32\combase.dll
0x00007ffa931c0000 - 0x00007ffa9323a000 	C:\WINDOWS\System32\bcryptPrimitives.dll
0x00007ffa93900000 - 0x00007ffa9392d000 	C:\WINDOWS\System32\IMM32.DLL
0x00000000757f0000 - 0x00000000758c2000 	C:\Program Files\Java\jdk1.8.0_144\jre\bin\msvcr100.dll
0x0000000073c90000 - 0x000000007452d000 	C:\Program Files\Java\jdk1.8.0_144\jre\bin\server\jvm.dll
0x00007ffa93800000 - 0x00007ffa93808000 	C:\WINDOWS\System32\PSAPI.DLL
0x00007ffa8ec40000 - 0x00007ffa8ec49000 	C:\WINDOWS\SYSTEM32\WSOCK32.dll
0x00007ffa8e420000 - 0x00007ffa8e42a000 	C:\WINDOWS\SYSTEM32\VERSION.dll
0x00007ffa84ba0000 - 0x00007ffa84bc3000 	C:\WINDOWS\SYSTEM32\WINMM.dll
0x00007ffa95c80000 - 0x00007ffa95cec000 	C:\WINDOWS\System32\WS2_32.dll
0x00007ffa83f30000 - 0x00007ffa83f5a000 	C:\WINDOWS\SYSTEM32\WINMMBASE.dll
0x00007ffa93490000 - 0x00007ffa934d9000 	C:\WINDOWS\System32\cfgmgr32.dll
0x0000000077570000 - 0x000000007757f000 	C:\Program Files\Java\jdk1.8.0_144\jre\bin\verify.dll
0x0000000076400000 - 0x0000000076429000 	C:\Program Files\Java\jdk1.8.0_144\jre\bin\java.dll
0x00000000756a0000 - 0x00000000756c3000 	C:\Program Files\Java\jdk1.8.0_144\jre\bin\instrument.dll
0x0000000077430000 - 0x0000000077446000 	C:\Program Files\Java\jdk1.8.0_144\jre\bin\zip.dll
0x00007ffa93940000 - 0x00007ffa94d7f000 	C:\WINDOWS\System32\SHELL32.dll
0x00007ffa95090000 - 0x00007ffa95139000 	C:\WINDOWS\System32\shcore.dll
0x00007ffa92a90000 - 0x00007ffa9319d000 	C:\WINDOWS\System32\windows.storage.dll
0x00007ffa95ac0000 - 0x00007ffa95b11000 	C:\WINDOWS\System32\shlwapi.dll
0x00007ffa92400000 - 0x00007ffa92411000 	C:\WINDOWS\System32\kernel.appcore.dll
0x00007ffa92360000 - 0x00007ffa9237f000 	C:\WINDOWS\System32\profapi.dll
0x00007ffa923a0000 - 0x00007ffa923ec000 	C:\WINDOWS\System32\powrprof.dll
0x00007ffa923f0000 - 0x00007ffa923fa000 	C:\WINDOWS\System32\FLTLIB.DLL
0x00007ffa8c3c0000 - 0x00007ffa8c3da000 	C:\Program Files\JetBrains\IntelliJ IDEA Community Edition 2018.1.3\bin\breakgen64.dll
0x0000000075710000 - 0x000000007572a000 	C:\Program Files\Java\jdk1.8.0_144\jre\bin\net.dll
0x00007ffa91be0000 - 0x00007ffa91c46000 	C:\WINDOWS\system32\mswsock.dll
0x0000000073af0000 - 0x0000000073c88000 	C:\Program Files\Java\jdk1.8.0_144\jre\bin\awt.dll
0x00007ffa93590000 - 0x00007ffa93652000 	C:\WINDOWS\System32\OLEAUT32.dll
0x00007ffa906c0000 - 0x00007ffa9074b000 	C:\WINDOWS\SYSTEM32\apphelp.dll
0x00007ffa90ad0000 - 0x00007ffa90af9000 	C:\WINDOWS\system32\DWMAPI.DLL
0x00007ffa907f0000 - 0x00007ffa90888000 	C:\WINDOWS\system32\uxtheme.dll
0x00007ffa73420000 - 0x00007ffa73540000 	C:\WINDOWS\system32\opengl32.dll
0x00007ffa88ed0000 - 0x00007ffa88efc000 	C:\WINDOWS\SYSTEM32\GLU32.dll
0x00007ffa94d80000 - 0x00007ffa94ef4000 	C:\WINDOWS\System32\MSCTF.dll
0x00007ffa95b20000 - 0x00007ffa95c71000 	C:\WINDOWS\System32\ole32.dll
0x00007ffa59630000 - 0x00007ffa5969a000 	C:\Program Files (x86)\Overwolf\0.119.1.19\OWExplorer.dll
0x00007ffa93240000 - 0x00007ffa93422000 	C:\WINDOWS\System32\CRYPT32.dll
0x00007ffa92380000 - 0x00007ffa92392000 	C:\WINDOWS\System32\MSASN1.dll
0x00007ffa8a630000 - 0x00007ffa8a7f9000 	C:\WINDOWS\SYSTEM32\dbghelp.dll
0x00007ffa83a60000 - 0x00007ffa83a89000 	C:\WINDOWS\SYSTEM32\dbgcore.DLL
0x00007ffa919a0000 - 0x00007ffa91a5e000 	C:\WINDOWS\SYSTEM32\DNSAPI.dll
0x00007ffa95140000 - 0x00007ffa95148000 	C:\WINDOWS\System32\NSI.dll
0x00007ffa91960000 - 0x00007ffa91998000 	C:\WINDOWS\SYSTEM32\IPHLPAPI.DLL
0x00007ffa89800000 - 0x00007ffa8980a000 	C:\Windows\System32\rasadhlp.dll
0x00007ffa8a200000 - 0x00007ffa8a272000 	C:\WINDOWS\System32\fwpuclnt.dll
0x00007ffa91ec0000 - 0x00007ffa91ee5000 	C:\WINDOWS\SYSTEM32\bcrypt.dll
0x00007ffa91d90000 - 0x00007ffa91da7000 	C:\WINDOWS\SYSTEM32\CRYPTSP.dll
0x00007ffa917c0000 - 0x00007ffa917f3000 	C:\WINDOWS\system32\rsaenh.dll
0x00007ffa92260000 - 0x00007ffa92288000 	C:\WINDOWS\SYSTEM32\USERENV.dll
0x00007ffa91db0000 - 0x00007ffa91dbb000 	C:\WINDOWS\SYSTEM32\CRYPTBASE.dll
0x00007ffa8a470000 - 0x00007ffa8a486000 	C:\WINDOWS\SYSTEM32\dhcpcsvc6.DLL
0x00007ffa8a3b0000 - 0x00007ffa8a3ca000 	C:\WINDOWS\SYSTEM32\dhcpcsvc.DLL
0x0000000075680000 - 0x0000000075691000 	C:\Program Files\Java\jdk1.8.0_144\jre\bin\nio.dll
0x0000000070c10000 - 0x0000000070c41000 	C:\Program Files\Java\jdk1.8.0_144\jre\bin\jpeg.dll
0x00000000637c0000 - 0x00000000637cd000 	C:\Users\Peter\AppData\Local\Temp\jogamp_0000\file_cache\jln5342844803615606587\jln2232433465128065787\natives\windows-amd64\gluegen-rt.dll
0x0000000070c00000 - 0x0000000070c07000 	C:\Program Files\Java\jdk1.8.0_144\jre\bin\jawt.dll
0x000000006a440000 - 0x000000006a44d000 	C:\Users\Peter\AppData\Local\Temp\jogamp_0000\file_cache\jln5342844803615606587\jln2232433465128065787\natives\windows-amd64\nativewindow_awt.dll
0x000000006c100000 - 0x000000006c10f000 	C:\Users\Peter\AppData\Local\Temp\jogamp_0000\file_cache\jln5342844803615606587\jln2232433465128065787\natives\windows-amd64\nativewindow_win32.dll
0x0000000064500000 - 0x00000000645b1000 	C:\Users\Peter\AppData\Local\Temp\jogamp_0000\file_cache\jln5342844803615606587\jln2232433465128065787\natives\windows-amd64\jogl_desktop.dll
0x0000000064340000 - 0x00000000643a2000 	C:\Users\Peter\AppData\Local\Temp\jogamp_0000\file_cache\jln5342844803615606587\jln2232433465128065787\natives\windows-amd64\jogl_mobile.dll
0x00000000712a0000 - 0x000000007351c000 	C:\WINDOWS\SYSTEM32\nvoglv64.DLL
0x00007ffa95670000 - 0x00007ffa95abb000 	C:\WINDOWS\System32\SETUPAPI.dll
0x00007ffa8e1f0000 - 0x00007ffa8e203000 	C:\WINDOWS\SYSTEM32\WTSAPI32.dll
0x00007ffa92170000 - 0x00007ffa92197000 	C:\WINDOWS\SYSTEM32\DEVOBJ.dll
0x00007ffa93430000 - 0x00007ffa93487000 	C:\WINDOWS\System32\WINTRUST.dll
0x00007ffa91450000 - 0x00007ffa91481000 	C:\WINDOWS\SYSTEM32\ntmarta.dll
0x00007ffa597b0000 - 0x00007ffa59a38000 	C:\WINDOWS\system32\nvspcap64.dll
0x00007ffa914c0000 - 0x00007ffa91516000 	C:\WINDOWS\SYSTEM32\WINSTA.dll
0x0000000070bb0000 - 0x0000000070bf7000 	C:\Program Files\Java\jdk1.8.0_144\jre\bin\fontmanager.dll
0x00007ffa7cea0000 - 0x00007ffa7cf37000 	C:\WINDOWS\System32\TextInputFramework.dll
0x00007ffa903b0000 - 0x00007ffa9048a000 	C:\WINDOWS\System32\CoreMessaging.dll
0x00007ffa7cb00000 - 0x00007ffa7ce1e000 	C:\WINDOWS\System32\CoreUIComponents.dll
0x00007ffa8e8a0000 - 0x00007ffa8e9ed000 	C:\WINDOWS\SYSTEM32\wintypes.dll
0x00007ffa84eb0000 - 0x00007ffa84f1b000 	C:\WINDOWS\system32\Oleacc.dll
0x00007ffa93760000 - 0x00007ffa93800000 	C:\WINDOWS\System32\clbcatq.dll
0x00007ffa35980000 - 0x00007ffa35c42000 	C:\Windows\System32\IME\IMEJP\imjptip.dll
0x00007ffa87ee0000 - 0x00007ffa88185000 	C:\WINDOWS\SYSTEM32\iertutil.dll
0x00007ffa8cfd0000 - 0x00007ffa8d184000 	C:\WINDOWS\SYSTEM32\PROPSYS.dll
0x00007ffa35760000 - 0x00007ffa3597d000 	C:\Windows\System32\IME\IMEJP\imjpapi.dll
0x00007ffa773c0000 - 0x00007ffa77400000 	C:\Windows\System32\IME\shared\imjkapi.dll
0x00007ffa8d400000 - 0x00007ffa8d47f000 	C:\WINDOWS\SYSTEM32\policymanager.dll
0x00007ffa8d9d0000 - 0x00007ffa8da61000 	C:\WINDOWS\SYSTEM32\msvcp110_win.dll
0x00007ffa5acd0000 - 0x00007ffa5ad61000 	C:\Windows\System32\IME\IMEJP\imjppred.dll
0x00007ffa42140000 - 0x00007ffa42296000 	C:\Windows\System32\IME\shared\imetip.dll
0x00007ffa7b7f0000 - 0x00007ffa7b99b000 	C:\WINDOWS\SYSTEM32\DUI70.dll
0x00007ffa77380000 - 0x00007ffa773bb000 	C:\Windows\System32\IME\shared\imecfm.dll
0x00007ffa90950000 - 0x00007ffa90a11000 	C:\WINDOWS\SYSTEM32\wer.dll
0x00007ffa8c420000 - 0x00007ffa8c43f000 	C:\Windows\System32\IME\SHARED\imesearchdll.dll
0x00007ffa91120000 - 0x00007ffa911db000 	C:\WINDOWS\system32\dxgi.dll
0x00007ffa8f410000 - 0x00007ffa8f71b000 	C:\WINDOWS\system32\d3d11.dll
0x00007ffa65a10000 - 0x00007ffa65af1000 	C:\WINDOWS\System32\DriverStore\FileRepository\nvltui.inf_amd64_47b7c4140ca0d913\nvldumdx.dll
0x00007ffa955f0000 - 0x00007ffa9560d000 	C:\WINDOWS\System32\imagehlp.dll
0x00007ffa4a560000 - 0x00007ffa4bee8000 	C:\WINDOWS\System32\DriverStore\FileRepository\nvltui.inf_amd64_47b7c4140ca0d913\nvwgf2umx.dll
0x00007ffa5b660000 - 0x00007ffa5ba9f000 	C:\WINDOWS\system32\nvapi64.dll
0x00007ffa79460000 - 0x00007ffa7a3be000 	C:\WINDOWS\SYSTEM32\igd10iumd64.dll
0x00007ffa91e90000 - 0x00007ffa91eb6000 	C:\WINDOWS\SYSTEM32\ncrypt.dll
0x00007ffa91e50000 - 0x00007ffa91e86000 	C:\WINDOWS\SYSTEM32\NTASN1.dll
0x00007ffa78810000 - 0x00007ffa79250000 	C:\WINDOWS\SYSTEM32\igdusc64.dll
0x00007ffa8fd90000 - 0x00007ffa8ff2c000 	C:\WINDOWS\SYSTEM32\dcomp.dll
0x00007ffa8db50000 - 0x00007ffa8db5c000 	C:\Windows\System32\IME\SHARED\imebrokerps.dll
0x00007ffa641e0000 - 0x00007ffa6421d000 	C:\Windows\System32\mtf.dll

VM Arguments:
jvm_args: -javaagent:C:\Program Files\JetBrains\IntelliJ IDEA Community Edition 2018.1.3\lib\idea_rt.jar=7598:C:\Program Files\JetBrains\IntelliJ IDEA Community Edition 2018.1.3\bin -Dfile.encoding=UTF-8 
java_command: Solar
java_class_path (initial): C:\Program Files\Java\jdk1.8.0_144\jre\lib\charsets.jar;C:\Program Files\Java\jdk1.8.0_144\jre\lib\deploy.jar;C:\Program Files\Java\jdk1.8.0_144\jre\lib\ext\access-bridge-64.jar;C:\Program Files\Java\jdk1.8.0_144\jre\lib\ext\cldrdata.jar;C:\Program Files\Java\jdk1.8.0_144\jre\lib\ext\dnsns.jar;C:\Program Files\Java\jdk1.8.0_144\jre\lib\ext\jaccess.jar;C:\Program Files\Java\jdk1.8.0_144\jre\lib\ext\jfxrt.jar;C:\Program Files\Java\jdk1.8.0_144\jre\lib\ext\localedata.jar;C:\Program Files\Java\jdk1.8.0_144\jre\lib\ext\nashorn.jar;C:\Program Files\Java\jdk1.8.0_144\jre\lib\ext\sunec.jar;C:\Program Files\Java\jdk1.8.0_144\jre\lib\ext\sunjce_provider.jar;C:\Program Files\Java\jdk1.8.0_144\jre\lib\ext\sunmscapi.jar;C:\Program Files\Java\jdk1.8.0_144\jre\lib\ext\sunpkcs11.jar;C:\Program Files\Java\jdk1.8.0_144\jre\lib\ext\zipfs.jar;C:\Program Files\Java\jdk1.8.0_144\jre\lib\javaws.jar;C:\Program Files\Java\jdk1.8.0_144\jre\lib\jce.jar;C:\Program Files\Java\jdk1.8.0_144\jre\lib\jfr.jar;C:\Program Files\Java\jdk1.8.0_144\jre\lib\jfxswt.jar;C:\Program Files\Java\jdk1.8.0_144\jre\lib\jsse.jar;C:\Program Files\Java\jdk1.8.0_144\jre\lib\management-agent.jar;C:\Program Files\Java\jdk1.8.0_144\jre\lib\plugin.jar;C:\Program Files\Java\jdk1.8.0_144\jre\lib\resources.jar;C:\Program Files\Java\jdk1.8.0_144\jre\lib\rt.jar;C:\Users\Peter\Documents\JOGL\jogamp-all-platforms\jar\gluegen-rt.jar;C:\Users\Peter\Documents\JOGL\jogamp-all-platforms\jar\jogl-all.jar;C:\Users\Peter\Documents\JOGL\graphicslib3D\graphicslib3D.jar;C:\Users\Peter\IdeaProjects\SolarSystem\out\production\SolarSystem;C:\Program Files\JetBrains\IntelliJ IDEA Community Edition 2018.1.3\lib\idea_rt.jar
Launcher Type: SUN_STANDARD

Environment Variables:
USERNAME=Peter
OS=Windows_NT
PROCESSOR_IDENTIFIER=Intel64 Family 6 Model 60 Stepping 3, GenuineIntel



---------------  S Y S T E M  ---------------

OS: Windows 10.0 , 64 bit Build 17134 (10.0.17134.1)

CPU:total 8 (initial active 8) (4 cores per cpu, 2 threads per core) family 6 model 60 stepping 3, cmov, cx8, fxsr, mmx, sse, sse2, sse3, ssse3, sse4.1, sse4.2, popcnt, avx, avx2, aes, clmul, erms, lzcnt, ht, tsc, tscinvbit, bmi1, bmi2

Memory: 4k page, physical 16687384k(4588788k free), swap 22831384k(4252k free)

vm_info: Java HotSpot(TM) 64-Bit Server VM (25.144-b01) for windows-amd64 JRE (1.8.0_144-b01), built on Jul 21 2017 21:57:33 by "java_re" with MS VC++ 10.0 (VS2010)

time: Sun Nov 11 20:04:54 2018
elapsed time: 20 seconds (0d 0h 0m 20s)

