#
# A fatal error has been detected by the Java Runtime Environment:
#
#  EXCEPTION_ACCESS_VIOLATION (0xc0000005) at pc=0x0000000020ebfdcf, pid=26836, tid=0x0000000000003f54
#
# JRE version: Java(TM) SE Runtime Environment (8.0_144-b01) (build 1.8.0_144-b01)
# Java VM: Java HotSpot(TM) 64-Bit Server VM (25.144-b01 mixed mode windows-amd64 compressed oops)
# Problematic frame:
# C  0x0000000020ebfdcf
#
# Failed to write core dump. Minidumps are not enabled by default on client versions of Windows
#
# If you would like to submit a bug report, please visit:
#   http://bugreport.java.com/bugreport/crash.jsp
# The crash happened outside the Java Virtual Machine in native code.
# See problematic frame for where to report the bug.
#

---------------  T H R E A D  ---------------

Current thread (0x000000001fd62800):  JavaThread "AWT-EventQueue-0" [_thread_in_native, id=16212, stack(0x0000000028f00000,0x0000000029000000)]

siginfo: ExceptionCode=0xc0000005, reading address 0x0000000000000000

Registers:
RAX=0x000000002dfaa040, RBX=0x0000000021260000, RCX=0x0000000000000000, RDX=0x0000000000000d80
RSP=0x0000000028ffdb50, RBP=0x0000000000000000, RSI=0x0000000000000000, RDI=0x0000000000000000
R8 =0x0000000000000000, R9 =0x0000000000000d80, R10=0x0000000022cc1040, R11=0x0000000000000000
R12=0x0000000000000000, R13=0x0000000000000000, R14=0x0000000000000004, R15=0x000000002dfaa040
RIP=0x0000000020ebfdcf, EFLAGS=0x0000000000010206

Top of Stack: (sp=0x0000000028ffdb50)
0x0000000028ffdb50:   0000000026047950 0000000000000000
0x0000000028ffdb60:   0000000000000d80 0000000021260000
0x0000000028ffdb70:   0000000022cc1040 000000007209bf89
0x0000000028ffdb80:   0000000021260000 0000000022cc1040
0x0000000028ffdb90:   0000000000000d80 0000000021260000
0x0000000028ffdba0:   0000000000000007 0000000000000002
0x0000000028ffdbb0:   0000000000000000 00000000244acb28
0x0000000028ffdbc0:   0000000000000004 0000000022cc1040
0x0000000028ffdbd0:   0000000000000d80 0000000000000000
0x0000000028ffdbe0:   0000000021260000 0000000072098a66
0x0000000028ffdbf0:   0000000000000000 0000000000000004
0x0000000028ffdc00:   0000000020695301 0000000000000000
0x0000000028ffdc10:   0000000000003083 00c0000000000000
0x0000000028ffdc20:   0000000000000d80 0000000072098ccb
0x0000000028ffdc30:   0000000021260000 00000000244acb28
0x0000000028ffdc40:   0000000022cc1040 0000000000000004 

Instructions: (pc=0x0000000020ebfdcf)
0x0000000020ebfdaf:   0c 89 68 10 48 be 88 80 2b 21 00 00 00 00 48 8b
0x0000000020ebfdbf:   36 48 8b b6 68 03 00 00 48 8d 3c 49 48 8d 34 be
0x0000000020ebfdcf:   8b 3e 8b 6e 04 89 78 14 89 68 18 8b 7e 08 89 78
0x0000000020ebfddf:   1c 48 83 c0 20 ff c1 ff ca 0f 85 76 ff ff ff 48 


Register to memory mapping:

RAX=0x000000002dfaa040 is an unknown value
RBX=0x0000000021260000 is an unknown value
RCX=0x0000000000000000 is an unknown value
RDX=0x0000000000000d80 is an unknown value
RSP=0x0000000028ffdb50 is pointing into the stack for thread: 0x000000001fd62800
RBP=0x0000000000000000 is an unknown value
RSI=0x0000000000000000 is an unknown value
RDI=0x0000000000000000 is an unknown value
R8 =0x0000000000000000 is an unknown value
R9 =0x0000000000000d80 is an unknown value
R10=0x0000000022cc1040 is an unknown value
R11=0x0000000000000000 is an unknown value
R12=0x0000000000000000 is an unknown value
R13=0x0000000000000000 is an unknown value
R14=0x0000000000000004 is an unknown value
R15=0x000000002dfaa040 is an unknown value


Stack: [0x0000000028f00000,0x0000000029000000],  sp=0x0000000028ffdb50,  free space=1014k
Native frames: (J=compiled Java code, j=interpreted, Vv=VM code, C=native code)

Java frames: (J=compiled Java code, j=interpreted, Vv=VM code)
j  jogamp.opengl.gl4.GL4bcImpl.dispatch_glDrawArrays1(IIIJ)V+0
j  jogamp.opengl.gl4.GL4bcImpl.glDrawArrays(III)V+45
j  Shape.drawVBOs(Lcom/jogamp/opengl/GL4;IIII)V+207
j  Shape.display(Lcom/jogamp/opengl/GL4;ILgraphicslib3D/Matrix3D;Lgraphicslib3D/Matrix3D;Lgraphicslib3D/light/AmbientLight;Lgraphicslib3D/light/PositionalLight;)V+369
j  Solar.display(Lcom/jogamp/opengl/GLAutoDrawable;)V+320
j  jogamp.opengl.GLDrawableHelper.displayImpl(Lcom/jogamp/opengl/GLAutoDrawable;)V+62
j  jogamp.opengl.GLDrawableHelper.display(Lcom/jogamp/opengl/GLAutoDrawable;)V+2
j  com.jogamp.opengl.awt.GLCanvas$11.run()V+118
j  jogamp.opengl.GLDrawableHelper.invokeGLImpl(Lcom/jogamp/opengl/GLDrawable;Lcom/jogamp/opengl/GLContext;Ljava/lang/Runnable;Ljava/lang/Runnable;)V+203
j  jogamp.opengl.GLDrawableHelper.invokeGL(Lcom/jogamp/opengl/GLDrawable;Lcom/jogamp/opengl/GLContext;Ljava/lang/Runnable;Ljava/lang/Runnable;)V+72
j  com.jogamp.opengl.awt.GLCanvas$12.run()V+104
j  java.awt.event.InvocationEvent.dispatch()V+11
j  java.awt.EventQueue.dispatchEventImpl(Ljava/awt/AWTEvent;Ljava/lang/Object;)V+21
j  java.awt.EventQueue.access$500(Ljava/awt/EventQueue;Ljava/awt/AWTEvent;Ljava/lang/Object;)V+3
j  java.awt.EventQueue$3.run()Ljava/lang/Void;+32
j  java.awt.EventQueue$3.run()Ljava/lang/Object;+1
v  ~StubRoutines::call_stub
j  java.security.AccessController.doPrivileged(Ljava/security/PrivilegedAction;Ljava/security/AccessControlContext;)Ljava/lang/Object;+0
j  java.security.ProtectionDomain$JavaSecurityAccessImpl.doIntersectionPrivilege(Ljava/security/PrivilegedAction;Ljava/security/AccessControlContext;Ljava/security/AccessControlContext;)Ljava/lang/Object;+18
j  java.awt.EventQueue.dispatchEvent(Ljava/awt/AWTEvent;)V+46
j  java.awt.EventDispatchThread.pumpOneEventForFilters(I)V+245
j  java.awt.EventDispatchThread.pumpEventsForFilter(ILjava/awt/Conditional;Ljava/awt/EventFilter;)V+35
j  java.awt.EventDispatchThread.pumpEventsForHierarchy(ILjava/awt/Conditional;Ljava/awt/Component;)V+11
j  java.awt.EventDispatchThread.pumpEvents(ILjava/awt/Conditional;)V+4
j  java.awt.EventDispatchThread.pumpEvents(Ljava/awt/Conditional;)V+3
j  java.awt.EventDispatchThread.run()V+9
v  ~StubRoutines::call_stub

---------------  P R O C E S S  ---------------

Java Threads: ( => current thread )
  0x0000000002ce2800 JavaThread "DestroyJavaVM" [_thread_blocked, id=26276, stack(0x0000000002a80000,0x0000000002b80000)]
  0x0000000021b10800 JavaThread "main-FPSAWTAnimator#00-Timer0" [_thread_blocked, id=24220, stack(0x0000000029000000,0x0000000029100000)]
=>0x000000001fd62800 JavaThread "AWT-EventQueue-0" [_thread_in_native, id=16212, stack(0x0000000028f00000,0x0000000029000000)]
  0x000000001fd62000 JavaThread "AWT-Shutdown" [_thread_blocked, id=18336, stack(0x0000000028e00000,0x0000000028f00000)]
  0x000000001fc23800 JavaThread "main-SharedResourceRunner" daemon [_thread_blocked, id=13752, stack(0x0000000022ac0000,0x0000000022bc0000)]
  0x000000001eb1e000 JavaThread "AWT-Windows" daemon [_thread_in_native, id=14608, stack(0x0000000020250000,0x0000000020350000)]
  0x000000001f8a7800 JavaThread "Java2D Disposer" daemon [_thread_blocked, id=24948, stack(0x0000000020050000,0x0000000020150000)]
  0x000000001e8c2800 JavaThread "Service Thread" daemon [_thread_blocked, id=10012, stack(0x000000001f410000,0x000000001f510000)]
  0x000000001e823000 JavaThread "C1 CompilerThread3" daemon [_thread_blocked, id=5188, stack(0x000000001f310000,0x000000001f410000)]
  0x000000001e813000 JavaThread "C2 CompilerThread2" daemon [_thread_blocked, id=17880, stack(0x000000001f210000,0x000000001f310000)]
  0x000000001e810000 JavaThread "C2 CompilerThread1" daemon [_thread_blocked, id=21748, stack(0x000000001f110000,0x000000001f210000)]
  0x000000001e80e000 JavaThread "C2 CompilerThread0" daemon [_thread_blocked, id=23676, stack(0x000000001f010000,0x000000001f110000)]
  0x000000001e802800 JavaThread "Monitor Ctrl-Break" daemon [_thread_in_native, id=14488, stack(0x000000001ef10000,0x000000001f010000)]
  0x000000001e74b800 JavaThread "Attach Listener" daemon [_thread_blocked, id=28388, stack(0x000000001ee10000,0x000000001ef10000)]
  0x000000001e748800 JavaThread "Signal Dispatcher" daemon [_thread_blocked, id=11388, stack(0x000000001ed10000,0x000000001ee10000)]
  0x000000001e740800 JavaThread "Finalizer" daemon [_thread_blocked, id=30216, stack(0x000000001eb20000,0x000000001ec20000)]
  0x0000000002dd9000 JavaThread "Reference Handler" daemon [_thread_blocked, id=13636, stack(0x000000001e620000,0x000000001e720000)]

Other Threads:
  0x000000001c839000 VMThread [stack: 0x000000001e520000,0x000000001e620000] [id=3352]
  0x000000001e8c9000 WatcherThread [stack: 0x000000001f510000,0x000000001f610000] [id=25732]

VM state:not at safepoint (normal execution)

VM Mutex/Monitor currently owned by a thread: None

Heap:
 PSYoungGen      total 402944K, used 287038K [0x000000076b180000, 0x00000007ab600000, 0x00000007c0000000)
  eden space 229888K, 60% used [0x000000076b180000,0x000000077396b5d8,0x0000000779200000)
  from space 173056K, 85% used [0x0000000779200000,0x0000000782264440,0x0000000783b00000)
  to   space 306176K, 0% used [0x0000000798b00000,0x0000000798b00000,0x00000007ab600000)
 ParOldGen       total 633856K, used 356276K [0x00000006c1400000, 0x00000006e7f00000, 0x000000076b180000)
  object space 633856K, 56% used [0x00000006c1400000,0x00000006d6fed1f0,0x00000006e7f00000)
 Metaspace       used 17421K, capacity 17612K, committed 18048K, reserved 1064960K
  class space    used 1824K, capacity 1890K, committed 1920K, reserved 1048576K

Card table byte_map: [0x00000000121a0000,0x00000000129a0000] byte_map_base: 0x000000000eb96000

Marking Bits: (ParMarkBitMap*) 0x00000000744ad850
 Begin Bits: [0x00000000136f0000, 0x00000000176a0000)
 End Bits:   [0x00000000176a0000, 0x000000001b650000)

Polling page: 0x00000000007f0000

CodeCache: size=245760Kb used=5774Kb max_used=5825Kb free=239985Kb
 bounds [0x0000000002de0000, 0x00000000033a0000, 0x0000000011de0000]
 total_blobs=2037 nmethods=1211 adapters=739
 compilation: enabled

Compilation events (10 events):
Event: 8.846 Thread 0x000000001e823000 1193       3       graphicslib3D.Vertex3D::setT (6 bytes)
Event: 8.846 Thread 0x000000001e823000 nmethod 1193 0x000000000336ac50 code [0x000000000336ada0, 0x000000000336aef0]
Event: 8.846 Thread 0x000000001e823000 1194       3       graphicslib3D.Vertex3D::getLocation (38 bytes)
Event: 8.846 Thread 0x000000001e823000 nmethod 1194 0x000000000336af90 code [0x000000000336b120, 0x000000000336b550]
Event: 8.846 Thread 0x000000001e823000 1198       3       graphicslib3D.Vector3D::cross (79 bytes)
Event: 8.847 Thread 0x000000001e823000 nmethod 1198 0x000000000336b790 code [0x000000000336b940, 0x000000000336bf90]
Event: 8.847 Thread 0x000000001e823000 1199       3       graphicslib3D.Point3D::<init> (26 bytes)
Event: 8.847 Thread 0x000000001e823000 nmethod 1199 0x000000000336c2d0 code [0x000000000336c420, 0x000000000336c5f0]
Event: 8.910 Thread 0x000000001e80e000 nmethod 1152 0x0000000003372210 code [0x0000000003372500, 0x00000000033753a8]
Event: 9.163 Thread 0x000000001e813000 nmethod 1145% 0x00000000033837d0 code [0x0000000003384060, 0x000000000338dd98]

GC Heap History (10 events):
Event: 6.314 GC heap before
{Heap before GC invocations=6 (full 1):
 PSYoungGen      total 139264K, used 139264K [0x000000076b180000, 0x0000000774680000, 0x00000007c0000000)
  eden space 128512K, 100% used [0x000000076b180000,0x0000000772f00000,0x0000000772f00000)
  from space 10752K, 100% used [0x0000000773c00000,0x0000000774680000,0x0000000774680000)
  to   space 10752K, 0% used [0x0000000773180000,0x0000000773180000,0x0000000773c00000)
 ParOldGen       total 304640K, used 163567K [0x00000006c1400000, 0x00000006d3d80000, 0x000000076b180000)
  object space 304640K, 53% used [0x00000006c1400000,0x00000006cb3bbee8,0x00000006d3d80000)
 Metaspace       used 16890K, capacity 17114K, committed 17536K, reserved 1064960K
  class space    used 1775K, capacity 1855K, committed 1920K, reserved 1048576K
Event: 6.360 GC heap after
Heap after GC invocations=6 (full 1):
 PSYoungGen      total 141824K, used 10752K [0x000000076b180000, 0x000000078ce00000, 0x00000007c0000000)
  eden space 131072K, 0% used [0x000000076b180000,0x000000076b180000,0x0000000773180000)
  from space 10752K, 100% used [0x0000000773180000,0x0000000773c00000,0x0000000773c00000)
  to   space 150528K, 0% used [0x0000000783b00000,0x0000000783b00000,0x000000078ce00000)
 ParOldGen       total 304640K, used 292809K [0x00000006c1400000, 0x00000006d3d80000, 0x000000076b180000)
  object space 304640K, 96% used [0x00000006c1400000,0x00000006d31f25f8,0x00000006d3d80000)
 Metaspace       used 16890K, capacity 17114K, committed 17536K, reserved 1064960K
  class space    used 1775K, capacity 1855K, committed 1920K, reserved 1048576K
}
Event: 6.360 GC heap before
{Heap before GC invocations=7 (full 2):
 PSYoungGen      total 141824K, used 10752K [0x000000076b180000, 0x000000078ce00000, 0x00000007c0000000)
  eden space 131072K, 0% used [0x000000076b180000,0x000000076b180000,0x0000000773180000)
  from space 10752K, 100% used [0x0000000773180000,0x0000000773c00000,0x0000000773c00000)
  to   space 150528K, 0% used [0x0000000783b00000,0x0000000783b00000,0x000000078ce00000)
 ParOldGen       total 304640K, used 292809K [0x00000006c1400000, 0x00000006d3d80000, 0x000000076b180000)
  object space 304640K, 96% used [0x00000006c1400000,0x00000006d31f25f8,0x00000006d3d80000)
 Metaspace       used 16890K, capacity 17114K, committed 17536K, reserved 1064960K
  class space    used 1775K, capacity 1855K, committed 1920K, reserved 1048576K
Event: 6.417 GC heap after
Heap after GC invocations=7 (full 2):
 PSYoungGen      total 141824K, used 0K [0x000000076b180000, 0x000000078ce00000, 0x00000007c0000000)
  eden space 131072K, 0% used [0x000000076b180000,0x000000076b180000,0x0000000773180000)
  from space 10752K, 0% used [0x0000000773180000,0x0000000773180000,0x0000000773c00000)
  to   space 150528K, 0% used [0x0000000783b00000,0x0000000783b00000,0x000000078ce00000)
 ParOldGen       total 356352K, used 143340K [0x00000006c1400000, 0x00000006d7000000, 0x000000076b180000)
  object space 356352K, 40% used [0x00000006c1400000,0x00000006c9ffb050,0x00000006d7000000)
 Metaspace       used 16890K, capacity 17114K, committed 17536K, reserved 1064960K
  class space    used 1775K, capacity 1855K, committed 1920K, reserved 1048576K
}
Event: 6.442 GC heap before
{Heap before GC invocations=8 (full 2):
 PSYoungGen      total 141824K, used 131072K [0x000000076b180000, 0x000000078ce00000, 0x00000007c0000000)
  eden space 131072K, 100% used [0x000000076b180000,0x0000000773180000,0x0000000773180000)
  from space 10752K, 0% used [0x0000000773180000,0x0000000773180000,0x0000000773c00000)
  to   space 150528K, 0% used [0x0000000783b00000,0x0000000783b00000,0x000000078ce00000)
 ParOldGen       total 356352K, used 143340K [0x00000006c1400000, 0x00000006d7000000, 0x000000076b180000)
  object space 356352K, 40% used [0x00000006c1400000,0x00000006c9ffb050,0x00000006d7000000)
 Metaspace       used 16890K, capacity 17114K, committed 17536K, reserved 1064960K
  class space    used 1775K, capacity 1855K, committed 1920K, reserved 1048576K
Event: 6.481 GC heap after
Heap after GC invocations=8 (full 2):
 PSYoungGen      total 380416K, used 131936K [0x000000076b180000, 0x000000078fa80000, 0x00000007c0000000)
  eden space 229888K, 0% used [0x000000076b180000,0x000000076b180000,0x0000000779200000)
  from space 150528K, 87% used [0x0000000783b00000,0x000000078bbd8000,0x000000078ce00000)
  to   space 173056K, 0% used [0x0000000779200000,0x0000000779200000,0x0000000783b00000)
 ParOldGen       total 356352K, used 143340K [0x00000006c1400000, 0x00000006d7000000, 0x000000076b180000)
  object space 356352K, 40% used [0x00000006c1400000,0x00000006c9ffb050,0x00000006d7000000)
 Metaspace       used 16890K, capacity 17114K, committed 17536K, reserved 1064960K
  class space    used 1775K, capacity 1855K, committed 1920K, reserved 1048576K
}
Event: 7.067 GC heap before
{Heap before GC invocations=9 (full 2):
 PSYoungGen      total 380416K, used 361824K [0x000000076b180000, 0x000000078fa80000, 0x00000007c0000000)
  eden space 229888K, 100% used [0x000000076b180000,0x0000000779200000,0x0000000779200000)
  from space 150528K, 87% used [0x0000000783b00000,0x000000078bbd8000,0x000000078ce00000)
  to   space 173056K, 0% used [0x0000000779200000,0x0000000779200000,0x0000000783b00000)
 ParOldGen       total 356352K, used 143340K [0x00000006c1400000, 0x00000006d7000000, 0x000000076b180000)
  object space 356352K, 40% used [0x00000006c1400000,0x00000006c9ffb050,0x00000006d7000000)
 Metaspace       used 16893K, capacity 17114K, committed 17536K, reserved 1064960K
  class space    used 1775K, capacity 1855K, committed 1920K, reserved 1048576K
Event: 7.162 GC heap after
Heap after GC invocations=9 (full 2):
 PSYoungGen      total 402944K, used 173056K [0x000000076b180000, 0x00000007ab600000, 0x00000007c0000000)
  eden space 229888K, 0% used [0x000000076b180000,0x000000076b180000,0x0000000779200000)
  from space 173056K, 100% used [0x0000000779200000,0x0000000783b00000,0x0000000783b00000)
  to   space 306176K, 0% used [0x0000000798b00000,0x0000000798b00000,0x00000007ab600000)
 ParOldGen       total 356352K, used 341083K [0x00000006c1400000, 0x00000006d7000000, 0x000000076b180000)
  object space 356352K, 95% used [0x00000006c1400000,0x00000006d6116f90,0x00000006d7000000)
 Metaspace       used 16893K, capacity 17114K, committed 17536K, reserved 1064960K
  class space    used 1775K, capacity 1855K, committed 1920K, reserved 1048576K
}
Event: 7.162 GC heap before
{Heap before GC invocations=10 (full 3):
 PSYoungGen      total 402944K, used 173056K [0x000000076b180000, 0x00000007ab600000, 0x00000007c0000000)
  eden space 229888K, 0% used [0x000000076b180000,0x000000076b180000,0x0000000779200000)
  from space 173056K, 100% used [0x0000000779200000,0x0000000783b00000,0x0000000783b00000)
  to   space 306176K, 0% used [0x0000000798b00000,0x0000000798b00000,0x00000007ab600000)
 ParOldGen       total 356352K, used 341083K [0x00000006c1400000, 0x00000006d7000000, 0x000000076b180000)
  object space 356352K, 95% used [0x00000006c1400000,0x00000006d6116f90,0x00000006d7000000)
 Metaspace       used 16893K, capacity 17114K, committed 17536K, reserved 1064960K
  class space    used 1775K, capacity 1855K, committed 1920K, reserved 1048576K
Event: 7.383 GC heap after
Heap after GC invocations=10 (full 3):
 PSYoungGen      total 402944K, used 147857K [0x000000076b180000, 0x00000007ab600000, 0x00000007c0000000)
  eden space 229888K, 0% used [0x000000076b180000,0x000000076b180000,0x0000000779200000)
  from space 173056K, 85% used [0x0000000779200000,0x0000000782264440,0x0000000783b00000)
  to   space 306176K, 0% used [0x0000000798b00000,0x0000000798b00000,0x00000007ab600000)
 ParOldGen       total 633856K, used 356276K [0x00000006c1400000, 0x00000006e7f00000, 0x000000076b180000)
  object space 633856K, 56% used [0x00000006c1400000,0x00000006d6fed1f0,0x00000006e7f00000)
 Metaspace       used 16893K, capacity 17114K, committed 17536K, reserved 1064960K
  class space    used 1775K, capacity 1855K, committed 1920K, reserved 1048576K
}

Deoptimization events (10 events):
Event: 8.279 Thread 0x000000001fd62800 Uncommon trap: reason=array_check action=maybe_recompile pc=0x0000000003278c44 method=java.util.AbstractCollection.toArray([Ljava/lang/Object;)[Ljava/lang/Object; @ 119
Event: 8.279 Thread 0x000000001fd62800 Uncommon trap: reason=array_check action=maybe_recompile pc=0x0000000003278c44 method=java.util.AbstractCollection.toArray([Ljava/lang/Object;)[Ljava/lang/Object; @ 119
Event: 8.279 Thread 0x000000001fd62800 Uncommon trap: reason=array_check action=maybe_recompile pc=0x0000000003278c44 method=java.util.AbstractCollection.toArray([Ljava/lang/Object;)[Ljava/lang/Object; @ 119
Event: 8.279 Thread 0x000000001fd62800 Uncommon trap: reason=array_check action=maybe_recompile pc=0x0000000003278c44 method=java.util.AbstractCollection.toArray([Ljava/lang/Object;)[Ljava/lang/Object; @ 119
Event: 8.345 Thread 0x000000001fd62800 Uncommon trap: reason=unstable_if action=reinterpret pc=0x000000000328e290 method=java.lang.String.split(Ljava/lang/String;I)[Ljava/lang/String; @ 8
Event: 8.474 Thread 0x000000001fd62800 Uncommon trap: reason=unstable_if action=reinterpret pc=0x000000000324efe8 method=java.lang.String.trim()Ljava/lang/String; @ 23
Event: 8.474 Thread 0x000000001fd62800 Uncommon trap: reason=unstable_if action=reinterpret pc=0x000000000329669c method=java.lang.String.split(Ljava/lang/String;I)[Ljava/lang/String; @ 207
Event: 8.474 Thread 0x000000001fd62800 Uncommon trap: reason=unstable_if action=reinterpret pc=0x0000000003258558 method=sun.misc.FloatingDecimal.readJavaFormatString(Ljava/lang/String;)Lsun/misc/FloatingDecimal$ASCIIToBinaryConverter; @ 178
Event: 8.660 Thread 0x000000001fd62800 Uncommon trap: reason=unstable_if action=reinterpret pc=0x000000000329d914 method=com.jogamp.opengl.util.PNGPixelRect.getPixelRGBSame(Ljava/nio/ByteBuffer;I[III)I @ 52
Event: 8.670 Thread 0x000000001fd62800 Uncommon trap: reason=range_check action=make_not_entrant pc=0x00000000033240bc method=com.jogamp.opengl.util.PNGPixelRect.getPixelRGBSame(Ljava/nio/ByteBuffer;I[III)I @ 28

Internal exceptions (10 events):
Event: 0.197 Thread 0x0000000002ce2800 Exception <a 'java/security/PrivilegedActionException'> (0x000000076b6e4638) thrown at [C:\re\workspace\8-2-build-windows-amd64-cygwin\jdk8u144\9417\hotspot\src\share\vm\prims\jvm.cpp, line 1390]
Event: 0.197 Thread 0x0000000002ce2800 Exception <a 'java/security/PrivilegedActionException'> (0x000000076b6e4848) thrown at [C:\re\workspace\8-2-build-windows-amd64-cygwin\jdk8u144\9417\hotspot\src\share\vm\prims\jvm.cpp, line 1390]
Event: 0.198 Thread 0x0000000002ce2800 Exception <a 'java/security/PrivilegedActionException'> (0x000000076b6e8830) thrown at [C:\re\workspace\8-2-build-windows-amd64-cygwin\jdk8u144\9417\hotspot\src\share\vm\prims\jvm.cpp, line 1390]
Event: 0.198 Thread 0x0000000002ce2800 Exception <a 'java/security/PrivilegedActionException'> (0x000000076b6e8a40) thrown at [C:\re\workspace\8-2-build-windows-amd64-cygwin\jdk8u144\9417\hotspot\src\share\vm\prims\jvm.cpp, line 1390]
Event: 0.202 Thread 0x0000000002ce2800 Exception <a 'java/io/FileNotFoundException'> (0x000000076b6f0fe8) thrown at [C:\re\workspace\8-2-build-windows-amd64-cygwin\jdk8u144\9417\hotspot\src\share\vm\prims\jni.cpp, line 709]
Event: 0.239 Thread 0x0000000002ce2800 Exception <a 'java/lang/NoSuchFieldError': method resolution failed> (0x000000076b81cde8) thrown at [C:\re\workspace\8-2-build-windows-amd64-cygwin\jdk8u144\9417\hotspot\src\share\vm\prims\methodHandles.cpp, line 1146]
Event: 0.240 Thread 0x0000000002ce2800 Exception <a 'java/lang/NoSuchFieldError': method resolution failed> (0x000000076b82ac60) thrown at [C:\re\workspace\8-2-build-windows-amd64-cygwin\jdk8u144\9417\hotspot\src\share\vm\prims\methodHandles.cpp, line 1146]
Event: 0.282 Thread 0x0000000002ce2800 Exception <a 'java/io/FileNotFoundException'> (0x000000076b988948) thrown at [C:\re\workspace\8-2-build-windows-amd64-cygwin\jdk8u144\9417\hotspot\src\share\vm\prims\jni.cpp, line 709]
Event: 0.323 Thread 0x0000000002ce2800 Implicit null exception at 0x0000000002f732a6 to 0x0000000002f7348d
Event: 4.635 Thread 0x0000000002ce2800 Exception <a 'java/lang/reflect/InvocationTargetException'> (0x000000076de6f3a8) thrown at [C:\re\workspace\8-2-build-windows-amd64-cygwin\jdk8u144\9417\hotspot\src\share\vm\runtime\reflection.cpp, line 1092]

Events (10 events):
Event: 9.012 loading class Line
Event: 9.012 loading class Line done
Event: 9.013 loading class java/awt/MouseInfo
Event: 9.013 loading class java/awt/MouseInfo done
Event: 9.013 loading class sun/awt/DefaultMouseInfoPeer
Event: 9.013 loading class sun/awt/DefaultMouseInfoPeer done
Event: 9.013 loading class java/awt/PointerInfo
Event: 9.013 loading class java/awt/PointerInfo done
Event: 9.066 loading class graphicslib3D/Matrix3D$MatrixInvert
Event: 9.066 loading class graphicslib3D/Matrix3D$MatrixInvert done


Dynamic libraries:
0x00007ff64d3c0000 - 0x00007ff64d3f7000 	C:\Program Files\Java\jdk1.8.0_144\bin\java.exe
0x00007ffa96050000 - 0x00007ffa96231000 	C:\WINDOWS\SYSTEM32\ntdll.dll
0x00007ffa95150000 - 0x00007ffa95202000 	C:\WINDOWS\System32\KERNEL32.DLL
0x00007ffa92570000 - 0x00007ffa927e3000 	C:\WINDOWS\System32\KERNELBASE.dll
0x00007ffa95210000 - 0x00007ffa952b1000 	C:\WINDOWS\System32\ADVAPI32.dll
0x00007ffa93660000 - 0x00007ffa936fe000 	C:\WINDOWS\System32\msvcrt.dll
0x00007ffa95610000 - 0x00007ffa9566b000 	C:\WINDOWS\System32\sechost.dll
0x00007ffa94f00000 - 0x00007ffa95024000 	C:\WINDOWS\System32\RPCRT4.dll
0x00007ffa95cf0000 - 0x00007ffa95e80000 	C:\WINDOWS\System32\USER32.dll
0x00007ffa931a0000 - 0x00007ffa931c0000 	C:\WINDOWS\System32\win32u.dll
0x00007ffa93560000 - 0x00007ffa93588000 	C:\WINDOWS\System32\GDI32.dll
0x00007ffa927f0000 - 0x00007ffa92982000 	C:\WINDOWS\System32\gdi32full.dll
0x00007ffa92420000 - 0x00007ffa924bf000 	C:\WINDOWS\System32\msvcp_win.dll
0x00007ffa92990000 - 0x00007ffa92a8a000 	C:\WINDOWS\System32\ucrtbase.dll
0x00007ffa86190000 - 0x00007ffa863f9000 	C:\WINDOWS\WinSxS\amd64_microsoft.windows.common-controls_6595b64144ccf1df_6.0.17134.345_none_fb429a5930656358\COMCTL32.dll
0x00007ffa952c0000 - 0x00007ffa955e3000 	C:\WINDOWS\System32\combase.dll
0x00007ffa931c0000 - 0x00007ffa9323a000 	C:\WINDOWS\System32\bcryptPrimitives.dll
0x00007ffa93900000 - 0x00007ffa9392d000 	C:\WINDOWS\System32\IMM32.DLL
0x00000000757f0000 - 0x00000000758c2000 	C:\Program Files\Java\jdk1.8.0_144\jre\bin\msvcr100.dll
0x0000000073c90000 - 0x000000007452d000 	C:\Program Files\Java\jdk1.8.0_144\jre\bin\server\jvm.dll
0x00007ffa93800000 - 0x00007ffa93808000 	C:\WINDOWS\System32\PSAPI.DLL
0x00007ffa8ec40000 - 0x00007ffa8ec49000 	C:\WINDOWS\SYSTEM32\WSOCK32.dll
0x00007ffa8e420000 - 0x00007ffa8e42a000 	C:\WINDOWS\SYSTEM32\VERSION.dll
0x00007ffa84ba0000 - 0x00007ffa84bc3000 	C:\WINDOWS\SYSTEM32\WINMM.dll
0x00007ffa95c80000 - 0x00007ffa95cec000 	C:\WINDOWS\System32\WS2_32.dll
0x00007ffa83f30000 - 0x00007ffa83f5a000 	C:\WINDOWS\SYSTEM32\winmmbase.dll
0x00007ffa93490000 - 0x00007ffa934d9000 	C:\WINDOWS\System32\cfgmgr32.dll
0x0000000077570000 - 0x000000007757f000 	C:\Program Files\Java\jdk1.8.0_144\jre\bin\verify.dll
0x0000000076400000 - 0x0000000076429000 	C:\Program Files\Java\jdk1.8.0_144\jre\bin\java.dll
0x00000000756a0000 - 0x00000000756c3000 	C:\Program Files\Java\jdk1.8.0_144\jre\bin\instrument.dll
0x0000000077430000 - 0x0000000077446000 	C:\Program Files\Java\jdk1.8.0_144\jre\bin\zip.dll
0x00007ffa93940000 - 0x00007ffa94d7f000 	C:\WINDOWS\System32\SHELL32.dll
0x00007ffa95090000 - 0x00007ffa95139000 	C:\WINDOWS\System32\shcore.dll
0x00007ffa92a90000 - 0x00007ffa9319d000 	C:\WINDOWS\System32\windows.storage.dll
0x00007ffa95ac0000 - 0x00007ffa95b11000 	C:\WINDOWS\System32\shlwapi.dll
0x00007ffa92400000 - 0x00007ffa92411000 	C:\WINDOWS\System32\kernel.appcore.dll
0x00007ffa92360000 - 0x00007ffa9237f000 	C:\WINDOWS\System32\profapi.dll
0x00007ffa923a0000 - 0x00007ffa923ec000 	C:\WINDOWS\System32\powrprof.dll
0x00007ffa923f0000 - 0x00007ffa923fa000 	C:\WINDOWS\System32\FLTLIB.DLL
0x00007ffa6ec00000 - 0x00007ffa6ec1a000 	C:\Program Files\JetBrains\IntelliJ IDEA Community Edition 2018.1.3\bin\breakgen64.dll
0x0000000075710000 - 0x000000007572a000 	C:\Program Files\Java\jdk1.8.0_144\jre\bin\net.dll
0x00007ffa91be0000 - 0x00007ffa91c46000 	C:\WINDOWS\system32\mswsock.dll
0x0000000073af0000 - 0x0000000073c88000 	C:\Program Files\Java\jdk1.8.0_144\jre\bin\awt.dll
0x00007ffa93590000 - 0x00007ffa93652000 	C:\WINDOWS\System32\OLEAUT32.dll
0x00007ffa906c0000 - 0x00007ffa9074b000 	C:\WINDOWS\SYSTEM32\apphelp.dll
0x00007ffa90ad0000 - 0x00007ffa90af9000 	C:\WINDOWS\system32\DWMAPI.DLL
0x00007ffa907f0000 - 0x00007ffa90888000 	C:\WINDOWS\system32\uxtheme.dll
0x00007ffa73420000 - 0x00007ffa73540000 	C:\WINDOWS\system32\opengl32.dll
0x00007ffa88ed0000 - 0x00007ffa88efc000 	C:\WINDOWS\SYSTEM32\GLU32.dll
0x00007ffa94d80000 - 0x00007ffa94ef4000 	C:\WINDOWS\System32\MSCTF.dll
0x00007ffa95b20000 - 0x00007ffa95c71000 	C:\WINDOWS\System32\ole32.dll
0x00007ffa919a0000 - 0x00007ffa91a5e000 	C:\WINDOWS\SYSTEM32\DNSAPI.dll
0x00007ffa95140000 - 0x00007ffa95148000 	C:\WINDOWS\System32\NSI.dll
0x00007ffa91960000 - 0x00007ffa91998000 	C:\WINDOWS\SYSTEM32\IPHLPAPI.DLL
0x00007ffa89800000 - 0x00007ffa8980a000 	C:\Windows\System32\rasadhlp.dll
0x00007ffa8a200000 - 0x00007ffa8a272000 	C:\WINDOWS\System32\fwpuclnt.dll
0x00007ffa91ec0000 - 0x00007ffa91ee5000 	C:\WINDOWS\SYSTEM32\bcrypt.dll
0x00007ffa59630000 - 0x00007ffa5969a000 	C:\Program Files (x86)\Overwolf\0.119.1.19\OWExplorer.dll
0x00007ffa93240000 - 0x00007ffa93422000 	C:\WINDOWS\System32\CRYPT32.dll
0x00007ffa92380000 - 0x00007ffa92392000 	C:\WINDOWS\System32\MSASN1.dll
0x00007ffa8a630000 - 0x00007ffa8a7f9000 	C:\WINDOWS\SYSTEM32\dbghelp.dll
0x00007ffa83a60000 - 0x00007ffa83a89000 	C:\WINDOWS\SYSTEM32\dbgcore.DLL
0x00007ffa91d90000 - 0x00007ffa91da7000 	C:\WINDOWS\SYSTEM32\CRYPTSP.dll
0x00007ffa917c0000 - 0x00007ffa917f3000 	C:\WINDOWS\system32\rsaenh.dll
0x00007ffa92260000 - 0x00007ffa92288000 	C:\WINDOWS\SYSTEM32\USERENV.dll
0x00007ffa91db0000 - 0x00007ffa91dbb000 	C:\WINDOWS\SYSTEM32\CRYPTBASE.dll
0x00007ffa8a470000 - 0x00007ffa8a486000 	C:\WINDOWS\SYSTEM32\dhcpcsvc6.DLL
0x00007ffa8a3b0000 - 0x00007ffa8a3ca000 	C:\WINDOWS\SYSTEM32\dhcpcsvc.DLL
0x0000000075680000 - 0x0000000075691000 	C:\Program Files\Java\jdk1.8.0_144\jre\bin\nio.dll
0x0000000070c10000 - 0x0000000070c41000 	C:\Program Files\Java\jdk1.8.0_144\jre\bin\jpeg.dll
0x00000000637c0000 - 0x00000000637cd000 	C:\Users\Peter\AppData\Local\Temp\jogamp_0000\file_cache\jln5760926725648186550\jln2283092150678793785\natives\windows-amd64\gluegen-rt.dll
0x0000000070c00000 - 0x0000000070c07000 	C:\Program Files\Java\jdk1.8.0_144\jre\bin\jawt.dll
0x000000006a440000 - 0x000000006a44d000 	C:\Users\Peter\AppData\Local\Temp\jogamp_0000\file_cache\jln5760926725648186550\jln2283092150678793785\natives\windows-amd64\nativewindow_awt.dll
0x000000006c100000 - 0x000000006c10f000 	C:\Users\Peter\AppData\Local\Temp\jogamp_0000\file_cache\jln5760926725648186550\jln2283092150678793785\natives\windows-amd64\nativewindow_win32.dll
0x0000000064500000 - 0x00000000645b1000 	C:\Users\Peter\AppData\Local\Temp\jogamp_0000\file_cache\jln5760926725648186550\jln2283092150678793785\natives\windows-amd64\jogl_desktop.dll
0x0000000064340000 - 0x00000000643a2000 	C:\Users\Peter\AppData\Local\Temp\jogamp_0000\file_cache\jln5760926725648186550\jln2283092150678793785\natives\windows-amd64\jogl_mobile.dll
0x00000000712a0000 - 0x000000007351c000 	C:\WINDOWS\SYSTEM32\nvoglv64.DLL
0x00007ffa95670000 - 0x00007ffa95abb000 	C:\WINDOWS\System32\SETUPAPI.dll
0x00007ffa8e1f0000 - 0x00007ffa8e203000 	C:\WINDOWS\SYSTEM32\WTSAPI32.dll
0x00007ffa92170000 - 0x00007ffa92197000 	C:\WINDOWS\SYSTEM32\DEVOBJ.dll
0x00007ffa93430000 - 0x00007ffa93487000 	C:\WINDOWS\System32\WINTRUST.dll
0x00007ffa91450000 - 0x00007ffa91481000 	C:\WINDOWS\SYSTEM32\ntmarta.dll
0x00007ffa597b0000 - 0x00007ffa59a38000 	C:\WINDOWS\system32\nvspcap64.dll
0x00007ffa914c0000 - 0x00007ffa91516000 	C:\WINDOWS\SYSTEM32\WINSTA.dll
0x0000000070bb0000 - 0x0000000070bf7000 	C:\Program Files\Java\jdk1.8.0_144\jre\bin\fontmanager.dll
0x00007ffa7cea0000 - 0x00007ffa7cf37000 	C:\WINDOWS\System32\TextInputFramework.dll
0x00007ffa7cb00000 - 0x00007ffa7ce1e000 	C:\WINDOWS\System32\CoreUIComponents.dll
0x00007ffa903b0000 - 0x00007ffa9048a000 	C:\WINDOWS\System32\CoreMessaging.dll
0x00007ffa8e8a0000 - 0x00007ffa8e9ed000 	C:\WINDOWS\SYSTEM32\wintypes.dll
0x00007ffa84eb0000 - 0x00007ffa84f1b000 	C:\WINDOWS\system32\Oleacc.dll
0x00007ffa93760000 - 0x00007ffa93800000 	C:\WINDOWS\System32\clbcatq.dll
0x00007ffa35980000 - 0x00007ffa35c42000 	C:\Windows\System32\IME\IMEJP\imjptip.dll
0x00007ffa87ee0000 - 0x00007ffa88185000 	C:\WINDOWS\SYSTEM32\iertutil.dll
0x00007ffa8cfd0000 - 0x00007ffa8d184000 	C:\WINDOWS\SYSTEM32\PROPSYS.dll
0x00007ffa35760000 - 0x00007ffa3597d000 	C:\Windows\System32\IME\IMEJP\imjpapi.dll
0x00007ffa773c0000 - 0x00007ffa77400000 	C:\Windows\System32\IME\shared\imjkapi.dll
0x00007ffa8d400000 - 0x00007ffa8d47f000 	C:\WINDOWS\SYSTEM32\policymanager.dll
0x00007ffa8d9d0000 - 0x00007ffa8da61000 	C:\WINDOWS\SYSTEM32\msvcp110_win.dll
0x00007ffa5acd0000 - 0x00007ffa5ad61000 	C:\Windows\System32\IME\IMEJP\imjppred.dll
0x00007ffa42140000 - 0x00007ffa42296000 	C:\Windows\System32\IME\shared\imetip.dll
0x00007ffa7b7f0000 - 0x00007ffa7b99b000 	C:\WINDOWS\SYSTEM32\DUI70.dll
0x00007ffa77380000 - 0x00007ffa773bb000 	C:\Windows\System32\IME\shared\imecfm.dll
0x00007ffa90950000 - 0x00007ffa90a11000 	C:\WINDOWS\SYSTEM32\wer.dll
0x00007ffa8c420000 - 0x00007ffa8c43f000 	C:\Windows\System32\IME\SHARED\imesearchdll.dll

VM Arguments:
jvm_args: -javaagent:C:\Program Files\JetBrains\IntelliJ IDEA Community Edition 2018.1.3\lib\idea_rt.jar=4289:C:\Program Files\JetBrains\IntelliJ IDEA Community Edition 2018.1.3\bin -Dfile.encoding=UTF-8 
java_command: Solar
java_class_path (initial): C:\Program Files\Java\jdk1.8.0_144\jre\lib\charsets.jar;C:\Program Files\Java\jdk1.8.0_144\jre\lib\deploy.jar;C:\Program Files\Java\jdk1.8.0_144\jre\lib\ext\access-bridge-64.jar;C:\Program Files\Java\jdk1.8.0_144\jre\lib\ext\cldrdata.jar;C:\Program Files\Java\jdk1.8.0_144\jre\lib\ext\dnsns.jar;C:\Program Files\Java\jdk1.8.0_144\jre\lib\ext\jaccess.jar;C:\Program Files\Java\jdk1.8.0_144\jre\lib\ext\jfxrt.jar;C:\Program Files\Java\jdk1.8.0_144\jre\lib\ext\localedata.jar;C:\Program Files\Java\jdk1.8.0_144\jre\lib\ext\nashorn.jar;C:\Program Files\Java\jdk1.8.0_144\jre\lib\ext\sunec.jar;C:\Program Files\Java\jdk1.8.0_144\jre\lib\ext\sunjce_provider.jar;C:\Program Files\Java\jdk1.8.0_144\jre\lib\ext\sunmscapi.jar;C:\Program Files\Java\jdk1.8.0_144\jre\lib\ext\sunpkcs11.jar;C:\Program Files\Java\jdk1.8.0_144\jre\lib\ext\zipfs.jar;C:\Program Files\Java\jdk1.8.0_144\jre\lib\javaws.jar;C:\Program Files\Java\jdk1.8.0_144\jre\lib\jce.jar;C:\Program Files\Java\jdk1.8.0_144\jre\lib\jfr.jar;C:\Program Files\Java\jdk1.8.0_144\jre\lib\jfxswt.jar;C:\Program Files\Java\jdk1.8.0_144\jre\lib\jsse.jar;C:\Program Files\Java\jdk1.8.0_144\jre\lib\management-agent.jar;C:\Program Files\Java\jdk1.8.0_144\jre\lib\plugin.jar;C:\Program Files\Java\jdk1.8.0_144\jre\lib\resources.jar;C:\Program Files\Java\jdk1.8.0_144\jre\lib\rt.jar;C:\Users\Peter\Documents\JOGL\jogamp-all-platforms\jar\gluegen-rt.jar;C:\Users\Peter\Documents\JOGL\jogamp-all-platforms\jar\jogl-all.jar;C:\Users\Peter\Documents\JOGL\graphicslib3D\graphicslib3D.jar;C:\Users\Peter\IdeaProjects\SolarSystem\out\production\SolarSystem;C:\Program Files\JetBrains\IntelliJ IDEA Community Edition 2018.1.3\lib\idea_rt.jar
Launcher Type: SUN_STANDARD

Environment Variables:
USERNAME=Peter
OS=Windows_NT
PROCESSOR_IDENTIFIER=Intel64 Family 6 Model 60 Stepping 3, GenuineIntel



---------------  S Y S T E M  ---------------

OS: Windows 10.0 , 64 bit Build 17134 (10.0.17134.1)

CPU:total 8 (initial active 8) (4 cores per cpu, 2 threads per core) family 6 model 60 stepping 3, cmov, cx8, fxsr, mmx, sse, sse2, sse3, ssse3, sse4.1, sse4.2, popcnt, avx, avx2, aes, clmul, erms, lzcnt, ht, tsc, tscinvbit, bmi1, bmi2

Memory: 4k page, physical 16687384k(5146472k free), swap 21710620k(1810528k free)

vm_info: Java HotSpot(TM) 64-Bit Server VM (25.144-b01) for windows-amd64 JRE (1.8.0_144-b01), built on Jul 21 2017 21:57:33 by "java_re" with MS VC++ 10.0 (VS2010)

time: Sun Nov 11 15:03:47 2018
elapsed time: 9 seconds (0d 0h 0m 9s)

