#
# A fatal error has been detected by the Java Runtime Environment:
#
#  EXCEPTION_ACCESS_VIOLATION (0xc0000005) at pc=0x000000002087fdcf, pid=9960, tid=0x000000000000125c
#
# JRE version: Java(TM) SE Runtime Environment (8.0_144-b01) (build 1.8.0_144-b01)
# Java VM: Java HotSpot(TM) 64-Bit Server VM (25.144-b01 mixed mode windows-amd64 compressed oops)
# Problematic frame:
# C  0x000000002087fdcf
#
# Failed to write core dump. Minidumps are not enabled by default on client versions of Windows
#
# If you would like to submit a bug report, please visit:
#   http://bugreport.java.com/bugreport/crash.jsp
# The crash happened outside the Java Virtual Machine in native code.
# See problematic frame for where to report the bug.
#

---------------  T H R E A D  ---------------

Current thread (0x00000000207f0000):  JavaThread "AWT-EventQueue-0" [_thread_in_native, id=4700, stack(0x0000000022600000,0x0000000022700000)]

siginfo: ExceptionCode=0xc0000005, reading address 0x0000000000000000

Registers:
RAX=0x000000002e7ca040, RBX=0x0000000021ce0000, RCX=0x0000000000000000, RDX=0x0000000000000d80
RSP=0x00000000226fd4d0, RBP=0x0000000000000000, RSI=0x0000000000000000, RDI=0x0000000000000000
R8 =0x0000000000000000, R9 =0x0000000000000d80, R10=0x000000002af9f040, R11=0x0000000000000000
R12=0x0000000000000000, R13=0x0000000000000000, R14=0x0000000000000004, R15=0x000000002e7ca040
RIP=0x000000002087fdcf, EFLAGS=0x0000000000010202

Top of Stack: (sp=0x00000000226fd4d0)
0x00000000226fd4d0:   0000000025827950 0000000000000000
0x00000000226fd4e0:   0000000000000d80 0000000021ce0000
0x00000000226fd4f0:   000000002af9f040 000000007209bf89
0x00000000226fd500:   0000000021ce0000 000000002af9f040
0x00000000226fd510:   0000000000000d80 0000000021ce0000
0x00000000226fd520:   0000000000000007 0000000000000002
0x00000000226fd530:   0000000000000000 0000000023aa3628
0x00000000226fd540:   0000000000000004 000000002af9f040
0x00000000226fd550:   0000000000000d80 0000000000000000
0x00000000226fd560:   0000000021ce0000 0000000072098a66
0x00000000226fd570:   0000000000000000 0000000000000004
0x00000000226fd580:   00000000216e5301 0000000000000000
0x00000000226fd590:   0000000000003083 00c0000000000000
0x00000000226fd5a0:   0000000000000d80 0000000072098ccb
0x00000000226fd5b0:   0000000021ce0000 0000000023aa3628
0x00000000226fd5c0:   000000002af9f040 0000000000000004 

Instructions: (pc=0x000000002087fdcf)
0x000000002087fdaf:   0c 89 68 10 48 be 88 80 d3 21 00 00 00 00 48 8b
0x000000002087fdbf:   36 48 8b b6 68 03 00 00 48 8d 3c 49 48 8d 34 be
0x000000002087fdcf:   8b 3e 8b 6e 04 89 78 14 89 68 18 8b 7e 08 89 78
0x000000002087fddf:   1c 48 83 c0 20 ff c1 ff ca 0f 85 76 ff ff ff 48 


Register to memory mapping:

RAX=0x000000002e7ca040 is an unknown value
RBX=0x0000000021ce0000 is an unknown value
RCX=0x0000000000000000 is an unknown value
RDX=0x0000000000000d80 is an unknown value
RSP=0x00000000226fd4d0 is pointing into the stack for thread: 0x00000000207f0000
RBP=0x0000000000000000 is an unknown value
RSI=0x0000000000000000 is an unknown value
RDI=0x0000000000000000 is an unknown value
R8 =0x0000000000000000 is an unknown value
R9 =0x0000000000000d80 is an unknown value
R10=0x000000002af9f040 is an unknown value
R11=0x0000000000000000 is an unknown value
R12=0x0000000000000000 is an unknown value
R13=0x0000000000000000 is an unknown value
R14=0x0000000000000004 is an unknown value
R15=0x000000002e7ca040 is an unknown value


Stack: [0x0000000022600000,0x0000000022700000],  sp=0x00000000226fd4d0,  free space=1013k
Native frames: (J=compiled Java code, j=interpreted, Vv=VM code, C=native code)

Java frames: (J=compiled Java code, j=interpreted, Vv=VM code)
j  jogamp.opengl.gl4.GL4bcImpl.dispatch_glDrawArrays1(IIIJ)V+0
j  jogamp.opengl.gl4.GL4bcImpl.glDrawArrays(III)V+45
j  Shape.drawVBOs(Lcom/jogamp/opengl/GL4;IIII)V+207
j  Shape.display(Lcom/jogamp/opengl/GL4;ILgraphicslib3D/Matrix3D;Lgraphicslib3D/Matrix3D;Lgraphicslib3D/light/AmbientLight;Lgraphicslib3D/light/PositionalLight;)V+369
j  Solar.display(Lcom/jogamp/opengl/GLAutoDrawable;)V+320
j  jogamp.opengl.GLDrawableHelper.displayImpl(Lcom/jogamp/opengl/GLAutoDrawable;)V+62
j  jogamp.opengl.GLDrawableHelper.display(Lcom/jogamp/opengl/GLAutoDrawable;)V+2
j  com.jogamp.opengl.awt.GLCanvas$11.run()V+118
j  jogamp.opengl.GLDrawableHelper.invokeGLImpl(Lcom/jogamp/opengl/GLDrawable;Lcom/jogamp/opengl/GLContext;Ljava/lang/Runnable;Ljava/lang/Runnable;)V+203
j  jogamp.opengl.GLDrawableHelper.invokeGL(Lcom/jogamp/opengl/GLDrawable;Lcom/jogamp/opengl/GLContext;Ljava/lang/Runnable;Ljava/lang/Runnable;)V+72
j  com.jogamp.opengl.awt.GLCanvas$12.run()V+104
j  java.awt.event.InvocationEvent.dispatch()V+11
j  java.awt.EventQueue.dispatchEventImpl(Ljava/awt/AWTEvent;Ljava/lang/Object;)V+21
j  java.awt.EventQueue.access$500(Ljava/awt/EventQueue;Ljava/awt/AWTEvent;Ljava/lang/Object;)V+3
j  java.awt.EventQueue$3.run()Ljava/lang/Void;+32
j  java.awt.EventQueue$3.run()Ljava/lang/Object;+1
v  ~StubRoutines::call_stub
j  java.security.AccessController.doPrivileged(Ljava/security/PrivilegedAction;Ljava/security/AccessControlContext;)Ljava/lang/Object;+0
j  java.security.ProtectionDomain$JavaSecurityAccessImpl.doIntersectionPrivilege(Ljava/security/PrivilegedAction;Ljava/security/AccessControlContext;Ljava/security/AccessControlContext;)Ljava/lang/Object;+18
j  java.awt.EventQueue.dispatchEvent(Ljava/awt/AWTEvent;)V+46
j  java.awt.EventDispatchThread.pumpOneEventForFilters(I)V+245
j  java.awt.EventDispatchThread.pumpEventsForFilter(ILjava/awt/Conditional;Ljava/awt/EventFilter;)V+35
j  java.awt.EventDispatchThread.pumpEventsForHierarchy(ILjava/awt/Conditional;Ljava/awt/Component;)V+11
j  java.awt.EventDispatchThread.pumpEvents(ILjava/awt/Conditional;)V+4
j  java.awt.EventDispatchThread.pumpEvents(Ljava/awt/Conditional;)V+3
j  java.awt.EventDispatchThread.run()V+9
v  ~StubRoutines::call_stub

---------------  P R O C E S S  ---------------

Java Threads: ( => current thread )
  0x00000000035c2800 JavaThread "DestroyJavaVM" [_thread_blocked, id=1356, stack(0x00000000032c0000,0x00000000033c0000)]
  0x0000000020766000 JavaThread "main-FPSAWTAnimator#00-Timer0" [_thread_blocked, id=29776, stack(0x0000000022700000,0x0000000022800000)]
=>0x00000000207f0000 JavaThread "AWT-EventQueue-0" [_thread_in_native, id=4700, stack(0x0000000022600000,0x0000000022700000)]
  0x00000000207ef000 JavaThread "AWT-Shutdown" [_thread_blocked, id=10428, stack(0x0000000022500000,0x0000000022600000)]
  0x0000000020428000 JavaThread "main-SharedResourceRunner" daemon [_thread_blocked, id=24800, stack(0x0000000021ae0000,0x0000000021be0000)]
  0x00000000201b0000 JavaThread "AWT-Windows" daemon [_thread_in_native, id=21028, stack(0x0000000020ad0000,0x0000000020bd0000)]
  0x0000000020109800 JavaThread "Java2D Disposer" daemon [_thread_blocked, id=28928, stack(0x00000000208d0000,0x00000000209d0000)]
  0x000000001f17f000 JavaThread "Service Thread" daemon [_thread_blocked, id=23036, stack(0x000000001fcd0000,0x000000001fdd0000)]
  0x000000001f0de800 JavaThread "C1 CompilerThread3" daemon [_thread_blocked, id=4660, stack(0x000000001fbd0000,0x000000001fcd0000)]
  0x000000001f0db800 JavaThread "C2 CompilerThread2" daemon [_thread_blocked, id=10192, stack(0x000000001fad0000,0x000000001fbd0000)]
  0x000000001f0cc800 JavaThread "C2 CompilerThread1" daemon [_thread_blocked, id=8156, stack(0x000000001f9d0000,0x000000001fad0000)]
  0x000000001f0cb800 JavaThread "C2 CompilerThread0" daemon [_thread_blocked, id=24848, stack(0x000000001f8d0000,0x000000001f9d0000)]
  0x000000001f041000 JavaThread "Monitor Ctrl-Break" daemon [_thread_in_native, id=24652, stack(0x000000001f7d0000,0x000000001f8d0000)]
  0x000000001f00b000 JavaThread "Attach Listener" daemon [_thread_blocked, id=9756, stack(0x000000001f6d0000,0x000000001f7d0000)]
  0x000000001f00a000 JavaThread "Signal Dispatcher" daemon [_thread_blocked, id=7792, stack(0x000000001f5d0000,0x000000001f6d0000)]
  0x000000001f000800 JavaThread "Finalizer" daemon [_thread_blocked, id=13544, stack(0x000000001f3e0000,0x000000001f4e0000)]
  0x00000000036bb000 JavaThread "Reference Handler" daemon [_thread_blocked, id=21548, stack(0x000000001eee0000,0x000000001efe0000)]

Other Threads:
  0x000000001d119000 VMThread [stack: 0x000000001ede0000,0x000000001eee0000] [id=16120]
  0x000000001f18e000 WatcherThread [stack: 0x000000001fdd0000,0x000000001fed0000] [id=22664]

VM state:not at safepoint (normal execution)

VM Mutex/Monitor currently owned by a thread: None

Heap:
 PSYoungGen      total 403968K, used 284855K [0x000000076b180000, 0x00000007abb00000, 0x00000007c0000000)
  eden space 230912K, 58% used [0x000000076b180000,0x0000000773625a68,0x0000000779300000)
  from space 173056K, 86% used [0x0000000779300000,0x0000000782488310,0x0000000783c00000)
  to   space 307712K, 0% used [0x0000000798e80000,0x0000000798e80000,0x00000007abb00000)
 ParOldGen       total 635392K, used 356509K [0x00000006c1400000, 0x00000006e8080000, 0x000000076b180000)
  object space 635392K, 56% used [0x00000006c1400000,0x00000006d70276b8,0x00000006e8080000)
 Metaspace       used 17435K, capacity 17612K, committed 18048K, reserved 1064960K
  class space    used 1822K, capacity 1890K, committed 1920K, reserved 1048576K

Card table byte_map: [0x0000000012a80000,0x0000000013280000] byte_map_base: 0x000000000f476000

Marking Bits: (ParMarkBitMap*) 0x00000000744ad850
 Begin Bits: [0x0000000013fd0000, 0x0000000017f80000)
 End Bits:   [0x0000000017f80000, 0x000000001bf30000)

Polling page: 0x0000000001380000

CodeCache: size=245760Kb used=5935Kb max_used=5985Kb free=239824Kb
 bounds [0x00000000036c0000, 0x0000000003ca0000, 0x00000000126c0000]
 total_blobs=2044 nmethods=1216 adapters=741
 compilation: enabled

Compilation events (10 events):
Event: 9.060 Thread 0x000000001f0de800 1199       3       graphicslib3D.Point3D::<init> (26 bytes)
Event: 9.060 Thread 0x000000001f0de800 nmethod 1199 0x0000000003c74210 code [0x0000000003c74360, 0x0000000003c74530]
Event: 9.060 Thread 0x000000001f0de800 1200       3       graphicslib3D.Vertex3D::setS (6 bytes)
Event: 9.060 Thread 0x000000001f0de800 nmethod 1200 0x0000000003c74610 code [0x0000000003c74760, 0x0000000003c748b0]
Event: 9.167 Thread 0x000000001f0db800 1214  s    4       jogamp.opengl.util.jpeg.JPEGDecoder::getPixel (1523 bytes)
Event: 9.233 Thread 0x000000001f0db800 nmethod 1214 0x0000000003c78190 code [0x0000000003c78540, 0x0000000003c7b0a0]
Event: 9.349 Thread 0x000000001f0de800 1215       1       graphicslib3D.Vector3D::getY (5 bytes)
Event: 9.349 Thread 0x000000001f0de800 nmethod 1215 0x0000000003c77850 code [0x0000000003c779a0, 0x0000000003c77ab0]
Event: 9.352 Thread 0x000000001f0de800 1216       1       graphicslib3D.Vector3D::getZ (5 bytes)
Event: 9.353 Thread 0x000000001f0de800 nmethod 1216 0x0000000003c77590 code [0x0000000003c776e0, 0x0000000003c777f0]

GC Heap History (10 events):
Event: 6.514 GC heap before
{Heap before GC invocations=6 (full 1):
 PSYoungGen      total 139264K, used 139264K [0x000000076b180000, 0x0000000774680000, 0x00000007c0000000)
  eden space 128512K, 100% used [0x000000076b180000,0x0000000772f00000,0x0000000772f00000)
  from space 10752K, 100% used [0x0000000773c00000,0x0000000774680000,0x0000000774680000)
  to   space 10752K, 0% used [0x0000000773180000,0x0000000773180000,0x0000000773c00000)
 ParOldGen       total 305664K, used 163960K [0x00000006c1400000, 0x00000006d3e80000, 0x000000076b180000)
  object space 305664K, 53% used [0x00000006c1400000,0x00000006cb41e388,0x00000006d3e80000)
 Metaspace       used 16916K, capacity 17114K, committed 17536K, reserved 1064960K
  class space    used 1773K, capacity 1855K, committed 1920K, reserved 1048576K
Event: 6.561 GC heap after
Heap after GC invocations=6 (full 1):
 PSYoungGen      total 141824K, used 10752K [0x000000076b180000, 0x000000078cf80000, 0x00000007c0000000)
  eden space 131072K, 0% used [0x000000076b180000,0x000000076b180000,0x0000000773180000)
  from space 10752K, 100% used [0x0000000773180000,0x0000000773c00000,0x0000000773c00000)
  to   space 151040K, 0% used [0x0000000783c00000,0x0000000783c00000,0x000000078cf80000)
 ParOldGen       total 305664K, used 293210K [0x00000006c1400000, 0x00000006d3e80000, 0x000000076b180000)
  object space 305664K, 95% used [0x00000006c1400000,0x00000006d32568f8,0x00000006d3e80000)
 Metaspace       used 16916K, capacity 17114K, committed 17536K, reserved 1064960K
  class space    used 1773K, capacity 1855K, committed 1920K, reserved 1048576K
}
Event: 6.561 GC heap before
{Heap before GC invocations=7 (full 2):
 PSYoungGen      total 141824K, used 10752K [0x000000076b180000, 0x000000078cf80000, 0x00000007c0000000)
  eden space 131072K, 0% used [0x000000076b180000,0x000000076b180000,0x0000000773180000)
  from space 10752K, 100% used [0x0000000773180000,0x0000000773c00000,0x0000000773c00000)
  to   space 151040K, 0% used [0x0000000783c00000,0x0000000783c00000,0x000000078cf80000)
 ParOldGen       total 305664K, used 293210K [0x00000006c1400000, 0x00000006d3e80000, 0x000000076b180000)
  object space 305664K, 95% used [0x00000006c1400000,0x00000006d32568f8,0x00000006d3e80000)
 Metaspace       used 16916K, capacity 17114K, committed 17536K, reserved 1064960K
  class space    used 1773K, capacity 1855K, committed 1920K, reserved 1048576K
Event: 6.617 GC heap after
Heap after GC invocations=7 (full 2):
 PSYoungGen      total 141824K, used 0K [0x000000076b180000, 0x000000078cf80000, 0x00000007c0000000)
  eden space 131072K, 0% used [0x000000076b180000,0x000000076b180000,0x0000000773180000)
  from space 10752K, 0% used [0x0000000773180000,0x0000000773180000,0x0000000773c00000)
  to   space 151040K, 0% used [0x0000000783c00000,0x0000000783c00000,0x000000078cf80000)
 ParOldGen       total 356864K, used 143765K [0x00000006c1400000, 0x00000006d7080000, 0x000000076b180000)
  object space 356864K, 40% used [0x00000006c1400000,0x00000006ca0657a8,0x00000006d7080000)
 Metaspace       used 16916K, capacity 17114K, committed 17536K, reserved 1064960K
  class space    used 1773K, capacity 1855K, committed 1920K, reserved 1048576K
}
Event: 6.646 GC heap before
{Heap before GC invocations=8 (full 2):
 PSYoungGen      total 141824K, used 131072K [0x000000076b180000, 0x000000078cf80000, 0x00000007c0000000)
  eden space 131072K, 100% used [0x000000076b180000,0x0000000773180000,0x0000000773180000)
  from space 10752K, 0% used [0x0000000773180000,0x0000000773180000,0x0000000773c00000)
  to   space 151040K, 0% used [0x0000000783c00000,0x0000000783c00000,0x000000078cf80000)
 ParOldGen       total 356864K, used 143765K [0x00000006c1400000, 0x00000006d7080000, 0x000000076b180000)
  object space 356864K, 40% used [0x00000006c1400000,0x00000006ca0657a8,0x00000006d7080000)
 Metaspace       used 16916K, capacity 17114K, committed 17536K, reserved 1064960K
  class space    used 1773K, capacity 1855K, committed 1920K, reserved 1048576K
Event: 6.685 GC heap after
Heap after GC invocations=8 (full 2):
 PSYoungGen      total 381952K, used 131968K [0x000000076b180000, 0x000000078fa80000, 0x00000007c0000000)
  eden space 230912K, 0% used [0x000000076b180000,0x000000076b180000,0x0000000779300000)
  from space 151040K, 87% used [0x0000000783c00000,0x000000078bce0000,0x000000078cf80000)
  to   space 173056K, 0% used [0x0000000779300000,0x0000000779300000,0x0000000783c00000)
 ParOldGen       total 356864K, used 143765K [0x00000006c1400000, 0x00000006d7080000, 0x000000076b180000)
  object space 356864K, 40% used [0x00000006c1400000,0x00000006ca0657a8,0x00000006d7080000)
 Metaspace       used 16916K, capacity 17114K, committed 17536K, reserved 1064960K
  class space    used 1773K, capacity 1855K, committed 1920K, reserved 1048576K
}
Event: 7.289 GC heap before
{Heap before GC invocations=9 (full 2):
 PSYoungGen      total 381952K, used 362880K [0x000000076b180000, 0x000000078fa80000, 0x00000007c0000000)
  eden space 230912K, 100% used [0x000000076b180000,0x0000000779300000,0x0000000779300000)
  from space 151040K, 87% used [0x0000000783c00000,0x000000078bce0000,0x000000078cf80000)
  to   space 173056K, 0% used [0x0000000779300000,0x0000000779300000,0x0000000783c00000)
 ParOldGen       total 356864K, used 143765K [0x00000006c1400000, 0x00000006d7080000, 0x000000076b180000)
  object space 356864K, 40% used [0x00000006c1400000,0x00000006ca0657a8,0x00000006d7080000)
 Metaspace       used 16918K, capacity 17114K, committed 17536K, reserved 1064960K
  class space    used 1773K, capacity 1855K, committed 1920K, reserved 1048576K
Event: 7.383 GC heap after
Heap after GC invocations=9 (full 2):
 PSYoungGen      total 403968K, used 173040K [0x000000076b180000, 0x00000007abb00000, 0x00000007c0000000)
  eden space 230912K, 0% used [0x000000076b180000,0x000000076b180000,0x0000000779300000)
  from space 173056K, 99% used [0x0000000779300000,0x0000000783bfc120,0x0000000783c00000)
  to   space 307712K, 0% used [0x0000000798e80000,0x0000000798e80000,0x00000007abb00000)
 ParOldGen       total 356864K, used 344532K [0x00000006c1400000, 0x00000006d7080000, 0x000000076b180000)
  object space 356864K, 96% used [0x00000006c1400000,0x00000006d6475378,0x00000006d7080000)
 Metaspace       used 16918K, capacity 17114K, committed 17536K, reserved 1064960K
  class space    used 1773K, capacity 1855K, committed 1920K, reserved 1048576K
}
Event: 7.383 GC heap before
{Heap before GC invocations=10 (full 3):
 PSYoungGen      total 403968K, used 173040K [0x000000076b180000, 0x00000007abb00000, 0x00000007c0000000)
  eden space 230912K, 0% used [0x000000076b180000,0x000000076b180000,0x0000000779300000)
  from space 173056K, 99% used [0x0000000779300000,0x0000000783bfc120,0x0000000783c00000)
  to   space 307712K, 0% used [0x0000000798e80000,0x0000000798e80000,0x00000007abb00000)
 ParOldGen       total 356864K, used 344532K [0x00000006c1400000, 0x00000006d7080000, 0x000000076b180000)
  object space 356864K, 96% used [0x00000006c1400000,0x00000006d6475378,0x00000006d7080000)
 Metaspace       used 16918K, capacity 17114K, committed 17536K, reserved 1064960K
  class space    used 1773K, capacity 1855K, committed 1920K, reserved 1048576K
Event: 7.597 GC heap after
Heap after GC invocations=10 (full 3):
 PSYoungGen      total 403968K, used 149024K [0x000000076b180000, 0x00000007abb00000, 0x00000007c0000000)
  eden space 230912K, 0% used [0x000000076b180000,0x000000076b180000,0x0000000779300000)
  from space 173056K, 86% used [0x0000000779300000,0x0000000782488310,0x0000000783c00000)
  to   space 307712K, 0% used [0x0000000798e80000,0x0000000798e80000,0x00000007abb00000)
 ParOldGen       total 635392K, used 356509K [0x00000006c1400000, 0x00000006e8080000, 0x000000076b180000)
  object space 635392K, 56% used [0x00000006c1400000,0x00000006d70276b8,0x00000006e8080000)
 Metaspace       used 16918K, capacity 17114K, committed 17536K, reserved 1064960K
  class space    used 1773K, capacity 1855K, committed 1920K, reserved 1048576K
}

Deoptimization events (10 events):
Event: 8.530 Thread 0x00000000207f0000 Uncommon trap: reason=array_check action=maybe_recompile pc=0x0000000003b7e644 method=java.util.AbstractCollection.toArray([Ljava/lang/Object;)[Ljava/lang/Object; @ 119
Event: 8.530 Thread 0x00000000207f0000 Uncommon trap: reason=array_check action=maybe_recompile pc=0x0000000003b7e644 method=java.util.AbstractCollection.toArray([Ljava/lang/Object;)[Ljava/lang/Object; @ 119
Event: 8.546 Thread 0x00000000207f0000 Uncommon trap: reason=unstable_if action=reinterpret pc=0x0000000003b85758 method=sun.misc.FloatingDecimal$ASCIIToBinaryBuffer.floatValue()F @ 83
Event: 8.590 Thread 0x00000000207f0000 Uncommon trap: reason=unstable_if action=reinterpret pc=0x0000000003b9b750 method=java.lang.String.split(Ljava/lang/String;I)[Ljava/lang/String; @ 8
Event: 8.678 Thread 0x00000000207f0000 Uncommon trap: reason=unstable_if action=reinterpret pc=0x0000000003b4eea8 method=java.lang.String.trim()Ljava/lang/String; @ 23
Event: 8.678 Thread 0x00000000207f0000 Uncommon trap: reason=unstable_if action=reinterpret pc=0x0000000003baf6f4 method=java.lang.String.split(Ljava/lang/String;I)[Ljava/lang/String; @ 207
Event: 8.678 Thread 0x00000000207f0000 Uncommon trap: reason=unstable_if action=reinterpret pc=0x0000000003b67790 method=sun.misc.FloatingDecimal.readJavaFormatString(Ljava/lang/String;)Lsun/misc/FloatingDecimal$ASCIIToBinaryConverter; @ 178
Event: 8.884 Thread 0x00000000207f0000 Uncommon trap: reason=unstable_if action=reinterpret pc=0x0000000003ba7954 method=com.jogamp.opengl.util.PNGPixelRect.getPixelRGBSame(Ljava/nio/ByteBuffer;I[III)I @ 52
Event: 8.884 Thread 0x00000000207f0000 Uncommon trap: reason=unstable_if action=reinterpret pc=0x0000000003be5e04 method=com.jogamp.opengl.util.PNGPixelRect.getPixelRGBSame(Ljava/nio/ByteBuffer;I[III)I @ 52
Event: 8.893 Thread 0x00000000207f0000 Uncommon trap: reason=range_check action=make_not_entrant pc=0x0000000003c29ebc method=com.jogamp.opengl.util.PNGPixelRect.getPixelRGBSame(Ljava/nio/ByteBuffer;I[III)I @ 28

Internal exceptions (10 events):
Event: 0.231 Thread 0x00000000035c2800 Exception <a 'java/security/PrivilegedActionException'> (0x000000076b6e44d8) thrown at [C:\re\workspace\8-2-build-windows-amd64-cygwin\jdk8u144\9417\hotspot\src\share\vm\prims\jvm.cpp, line 1390]
Event: 0.231 Thread 0x00000000035c2800 Exception <a 'java/security/PrivilegedActionException'> (0x000000076b6e46e8) thrown at [C:\re\workspace\8-2-build-windows-amd64-cygwin\jdk8u144\9417\hotspot\src\share\vm\prims\jvm.cpp, line 1390]
Event: 0.232 Thread 0x00000000035c2800 Exception <a 'java/security/PrivilegedActionException'> (0x000000076b6e86d0) thrown at [C:\re\workspace\8-2-build-windows-amd64-cygwin\jdk8u144\9417\hotspot\src\share\vm\prims\jvm.cpp, line 1390]
Event: 0.232 Thread 0x00000000035c2800 Exception <a 'java/security/PrivilegedActionException'> (0x000000076b6e88e0) thrown at [C:\re\workspace\8-2-build-windows-amd64-cygwin\jdk8u144\9417\hotspot\src\share\vm\prims\jvm.cpp, line 1390]
Event: 0.237 Thread 0x00000000035c2800 Exception <a 'java/io/FileNotFoundException'> (0x000000076b6f0e88) thrown at [C:\re\workspace\8-2-build-windows-amd64-cygwin\jdk8u144\9417\hotspot\src\share\vm\prims\jni.cpp, line 709]
Event: 0.269 Thread 0x00000000035c2800 Exception <a 'java/lang/NoSuchFieldError': method resolution failed> (0x000000076b81cd28) thrown at [C:\re\workspace\8-2-build-windows-amd64-cygwin\jdk8u144\9417\hotspot\src\share\vm\prims\methodHandles.cpp, line 1146]
Event: 0.271 Thread 0x00000000035c2800 Exception <a 'java/lang/NoSuchFieldError': method resolution failed> (0x000000076b82aba0) thrown at [C:\re\workspace\8-2-build-windows-amd64-cygwin\jdk8u144\9417\hotspot\src\share\vm\prims\methodHandles.cpp, line 1146]
Event: 0.322 Thread 0x00000000035c2800 Exception <a 'java/io/FileNotFoundException'> (0x000000076b988ae0) thrown at [C:\re\workspace\8-2-build-windows-amd64-cygwin\jdk8u144\9417\hotspot\src\share\vm\prims\jni.cpp, line 709]
Event: 0.371 Thread 0x00000000035c2800 Implicit null exception at 0x000000000384cae6 to 0x000000000384cccd
Event: 4.804 Thread 0x00000000035c2800 Exception <a 'java/lang/reflect/InvocationTargetException'> (0x000000076de6c400) thrown at [C:\re\workspace\8-2-build-windows-amd64-cygwin\jdk8u144\9417\hotspot\src\share\vm\runtime\reflection.cpp, line 1092]

Events (10 events):
Event: 9.209 loading class Line
Event: 9.209 loading class Line done
Event: 9.210 loading class java/awt/MouseInfo
Event: 9.210 loading class java/awt/MouseInfo done
Event: 9.210 loading class sun/awt/DefaultMouseInfoPeer
Event: 9.210 loading class sun/awt/DefaultMouseInfoPeer done
Event: 9.210 loading class java/awt/PointerInfo
Event: 9.210 loading class java/awt/PointerInfo done
Event: 9.251 loading class graphicslib3D/Matrix3D$MatrixInvert
Event: 9.251 loading class graphicslib3D/Matrix3D$MatrixInvert done


Dynamic libraries:
0x00007ff64d3c0000 - 0x00007ff64d3f7000 	C:\Program Files\Java\jdk1.8.0_144\bin\java.exe
0x00007ffa96050000 - 0x00007ffa96231000 	C:\WINDOWS\SYSTEM32\ntdll.dll
0x00007ffa95150000 - 0x00007ffa95202000 	C:\WINDOWS\System32\KERNEL32.DLL
0x00007ffa92570000 - 0x00007ffa927e3000 	C:\WINDOWS\System32\KERNELBASE.dll
0x00007ffa95210000 - 0x00007ffa952b1000 	C:\WINDOWS\System32\ADVAPI32.dll
0x00007ffa93660000 - 0x00007ffa936fe000 	C:\WINDOWS\System32\msvcrt.dll
0x00007ffa95610000 - 0x00007ffa9566b000 	C:\WINDOWS\System32\sechost.dll
0x00007ffa94f00000 - 0x00007ffa95024000 	C:\WINDOWS\System32\RPCRT4.dll
0x00007ffa95cf0000 - 0x00007ffa95e80000 	C:\WINDOWS\System32\USER32.dll
0x00007ffa931a0000 - 0x00007ffa931c0000 	C:\WINDOWS\System32\win32u.dll
0x00007ffa93560000 - 0x00007ffa93588000 	C:\WINDOWS\System32\GDI32.dll
0x00007ffa927f0000 - 0x00007ffa92982000 	C:\WINDOWS\System32\gdi32full.dll
0x00007ffa92420000 - 0x00007ffa924bf000 	C:\WINDOWS\System32\msvcp_win.dll
0x00007ffa92990000 - 0x00007ffa92a8a000 	C:\WINDOWS\System32\ucrtbase.dll
0x00007ffa86190000 - 0x00007ffa863f9000 	C:\WINDOWS\WinSxS\amd64_microsoft.windows.common-controls_6595b64144ccf1df_6.0.17134.345_none_fb429a5930656358\COMCTL32.dll
0x00007ffa952c0000 - 0x00007ffa955e3000 	C:\WINDOWS\System32\combase.dll
0x00007ffa931c0000 - 0x00007ffa9323a000 	C:\WINDOWS\System32\bcryptPrimitives.dll
0x00007ffa93900000 - 0x00007ffa9392d000 	C:\WINDOWS\System32\IMM32.DLL
0x00000000757f0000 - 0x00000000758c2000 	C:\Program Files\Java\jdk1.8.0_144\jre\bin\msvcr100.dll
0x0000000073c90000 - 0x000000007452d000 	C:\Program Files\Java\jdk1.8.0_144\jre\bin\server\jvm.dll
0x00007ffa93800000 - 0x00007ffa93808000 	C:\WINDOWS\System32\PSAPI.DLL
0x00007ffa84ba0000 - 0x00007ffa84bc3000 	C:\WINDOWS\SYSTEM32\WINMM.dll
0x00007ffa8e420000 - 0x00007ffa8e42a000 	C:\WINDOWS\SYSTEM32\VERSION.dll
0x00007ffa8ec40000 - 0x00007ffa8ec49000 	C:\WINDOWS\SYSTEM32\WSOCK32.dll
0x00007ffa95c80000 - 0x00007ffa95cec000 	C:\WINDOWS\System32\WS2_32.dll
0x00007ffa83f30000 - 0x00007ffa83f5a000 	C:\WINDOWS\SYSTEM32\winmmbase.dll
0x00007ffa93490000 - 0x00007ffa934d9000 	C:\WINDOWS\System32\cfgmgr32.dll
0x0000000077570000 - 0x000000007757f000 	C:\Program Files\Java\jdk1.8.0_144\jre\bin\verify.dll
0x0000000076400000 - 0x0000000076429000 	C:\Program Files\Java\jdk1.8.0_144\jre\bin\java.dll
0x00000000756a0000 - 0x00000000756c3000 	C:\Program Files\Java\jdk1.8.0_144\jre\bin\instrument.dll
0x0000000077430000 - 0x0000000077446000 	C:\Program Files\Java\jdk1.8.0_144\jre\bin\zip.dll
0x00007ffa93940000 - 0x00007ffa94d7f000 	C:\WINDOWS\System32\SHELL32.dll
0x00007ffa95090000 - 0x00007ffa95139000 	C:\WINDOWS\System32\shcore.dll
0x00007ffa92a90000 - 0x00007ffa9319d000 	C:\WINDOWS\System32\windows.storage.dll
0x00007ffa95ac0000 - 0x00007ffa95b11000 	C:\WINDOWS\System32\shlwapi.dll
0x00007ffa92400000 - 0x00007ffa92411000 	C:\WINDOWS\System32\kernel.appcore.dll
0x00007ffa92360000 - 0x00007ffa9237f000 	C:\WINDOWS\System32\profapi.dll
0x00007ffa923a0000 - 0x00007ffa923ec000 	C:\WINDOWS\System32\powrprof.dll
0x00007ffa923f0000 - 0x00007ffa923fa000 	C:\WINDOWS\System32\FLTLIB.DLL
0x00007ffa6ec00000 - 0x00007ffa6ec1a000 	C:\Program Files\JetBrains\IntelliJ IDEA Community Edition 2018.1.3\bin\breakgen64.dll
0x0000000075710000 - 0x000000007572a000 	C:\Program Files\Java\jdk1.8.0_144\jre\bin\net.dll
0x00007ffa91be0000 - 0x00007ffa91c46000 	C:\WINDOWS\system32\mswsock.dll
0x0000000073af0000 - 0x0000000073c88000 	C:\Program Files\Java\jdk1.8.0_144\jre\bin\awt.dll
0x00007ffa93590000 - 0x00007ffa93652000 	C:\WINDOWS\System32\OLEAUT32.dll
0x00007ffa906c0000 - 0x00007ffa9074b000 	C:\WINDOWS\SYSTEM32\apphelp.dll
0x00007ffa90ad0000 - 0x00007ffa90af9000 	C:\WINDOWS\system32\DWMAPI.DLL
0x00007ffa907f0000 - 0x00007ffa90888000 	C:\WINDOWS\system32\uxtheme.dll
0x00007ffa73420000 - 0x00007ffa73540000 	C:\WINDOWS\system32\opengl32.dll
0x00007ffa88ed0000 - 0x00007ffa88efc000 	C:\WINDOWS\SYSTEM32\GLU32.dll
0x00007ffa94d80000 - 0x00007ffa94ef4000 	C:\WINDOWS\System32\MSCTF.dll
0x00007ffa95b20000 - 0x00007ffa95c71000 	C:\WINDOWS\System32\ole32.dll
0x00007ffa919a0000 - 0x00007ffa91a5e000 	C:\WINDOWS\SYSTEM32\DNSAPI.dll
0x00007ffa95140000 - 0x00007ffa95148000 	C:\WINDOWS\System32\NSI.dll
0x00007ffa91960000 - 0x00007ffa91998000 	C:\WINDOWS\SYSTEM32\IPHLPAPI.DLL
0x00007ffa89800000 - 0x00007ffa8980a000 	C:\Windows\System32\rasadhlp.dll
0x00007ffa8a200000 - 0x00007ffa8a272000 	C:\WINDOWS\System32\fwpuclnt.dll
0x00007ffa91ec0000 - 0x00007ffa91ee5000 	C:\WINDOWS\SYSTEM32\bcrypt.dll
0x00007ffa59630000 - 0x00007ffa5969a000 	C:\Program Files (x86)\Overwolf\0.119.1.19\OWExplorer.dll
0x00007ffa93240000 - 0x00007ffa93422000 	C:\WINDOWS\System32\CRYPT32.dll
0x00007ffa92380000 - 0x00007ffa92392000 	C:\WINDOWS\System32\MSASN1.dll
0x00007ffa8a630000 - 0x00007ffa8a7f9000 	C:\WINDOWS\SYSTEM32\dbghelp.dll
0x00007ffa83a60000 - 0x00007ffa83a89000 	C:\WINDOWS\SYSTEM32\dbgcore.DLL
0x00007ffa91d90000 - 0x00007ffa91da7000 	C:\WINDOWS\SYSTEM32\CRYPTSP.dll
0x00007ffa917c0000 - 0x00007ffa917f3000 	C:\WINDOWS\system32\rsaenh.dll
0x00007ffa92260000 - 0x00007ffa92288000 	C:\WINDOWS\SYSTEM32\USERENV.dll
0x00007ffa91db0000 - 0x00007ffa91dbb000 	C:\WINDOWS\SYSTEM32\CRYPTBASE.dll
0x00007ffa8a470000 - 0x00007ffa8a486000 	C:\WINDOWS\SYSTEM32\dhcpcsvc6.DLL
0x00007ffa8a3b0000 - 0x00007ffa8a3ca000 	C:\WINDOWS\SYSTEM32\dhcpcsvc.DLL
0x0000000075680000 - 0x0000000075691000 	C:\Program Files\Java\jdk1.8.0_144\jre\bin\nio.dll
0x0000000070c10000 - 0x0000000070c41000 	C:\Program Files\Java\jdk1.8.0_144\jre\bin\jpeg.dll
0x00000000637c0000 - 0x00000000637cd000 	C:\Users\Peter\AppData\Local\Temp\jogamp_0000\file_cache\jln7530377751275284931\jln847217452565121603\natives\windows-amd64\gluegen-rt.dll
0x0000000070c00000 - 0x0000000070c07000 	C:\Program Files\Java\jdk1.8.0_144\jre\bin\jawt.dll
0x000000006a440000 - 0x000000006a44d000 	C:\Users\Peter\AppData\Local\Temp\jogamp_0000\file_cache\jln7530377751275284931\jln847217452565121603\natives\windows-amd64\nativewindow_awt.dll
0x000000006c100000 - 0x000000006c10f000 	C:\Users\Peter\AppData\Local\Temp\jogamp_0000\file_cache\jln7530377751275284931\jln847217452565121603\natives\windows-amd64\nativewindow_win32.dll
0x0000000064500000 - 0x00000000645b1000 	C:\Users\Peter\AppData\Local\Temp\jogamp_0000\file_cache\jln7530377751275284931\jln847217452565121603\natives\windows-amd64\jogl_desktop.dll
0x0000000064340000 - 0x00000000643a2000 	C:\Users\Peter\AppData\Local\Temp\jogamp_0000\file_cache\jln7530377751275284931\jln847217452565121603\natives\windows-amd64\jogl_mobile.dll
0x00000000712a0000 - 0x000000007351c000 	C:\WINDOWS\SYSTEM32\nvoglv64.DLL
0x00007ffa95670000 - 0x00007ffa95abb000 	C:\WINDOWS\System32\SETUPAPI.dll
0x00007ffa8e1f0000 - 0x00007ffa8e203000 	C:\WINDOWS\SYSTEM32\WTSAPI32.dll
0x00007ffa92170000 - 0x00007ffa92197000 	C:\WINDOWS\SYSTEM32\DEVOBJ.dll
0x00007ffa93430000 - 0x00007ffa93487000 	C:\WINDOWS\System32\WINTRUST.dll
0x00007ffa91450000 - 0x00007ffa91481000 	C:\WINDOWS\SYSTEM32\ntmarta.dll
0x00007ffa597b0000 - 0x00007ffa59a38000 	C:\WINDOWS\system32\nvspcap64.dll
0x00007ffa914c0000 - 0x00007ffa91516000 	C:\WINDOWS\SYSTEM32\WINSTA.dll
0x0000000070bb0000 - 0x0000000070bf7000 	C:\Program Files\Java\jdk1.8.0_144\jre\bin\fontmanager.dll
0x00007ffa7cea0000 - 0x00007ffa7cf37000 	C:\WINDOWS\System32\TextInputFramework.dll
0x00007ffa7cb00000 - 0x00007ffa7ce1e000 	C:\WINDOWS\System32\CoreUIComponents.dll
0x00007ffa903b0000 - 0x00007ffa9048a000 	C:\WINDOWS\System32\CoreMessaging.dll
0x00007ffa8e8a0000 - 0x00007ffa8e9ed000 	C:\WINDOWS\SYSTEM32\wintypes.dll
0x00007ffa84eb0000 - 0x00007ffa84f1b000 	C:\WINDOWS\system32\Oleacc.dll
0x00007ffa93760000 - 0x00007ffa93800000 	C:\WINDOWS\System32\clbcatq.dll
0x00007ffa35980000 - 0x00007ffa35c42000 	C:\Windows\System32\IME\IMEJP\imjptip.dll
0x00007ffa87ee0000 - 0x00007ffa88185000 	C:\WINDOWS\SYSTEM32\iertutil.dll
0x00007ffa8cfd0000 - 0x00007ffa8d184000 	C:\WINDOWS\SYSTEM32\PROPSYS.dll
0x00007ffa35760000 - 0x00007ffa3597d000 	C:\Windows\System32\IME\IMEJP\imjpapi.dll
0x00007ffa773c0000 - 0x00007ffa77400000 	C:\Windows\System32\IME\shared\imjkapi.dll
0x00007ffa8d400000 - 0x00007ffa8d47f000 	C:\WINDOWS\SYSTEM32\policymanager.dll
0x00007ffa8d9d0000 - 0x00007ffa8da61000 	C:\WINDOWS\SYSTEM32\msvcp110_win.dll
0x00007ffa5acd0000 - 0x00007ffa5ad61000 	C:\Windows\System32\IME\IMEJP\imjppred.dll
0x00007ffa42140000 - 0x00007ffa42296000 	C:\Windows\System32\IME\shared\imetip.dll
0x00007ffa7b7f0000 - 0x00007ffa7b99b000 	C:\WINDOWS\SYSTEM32\DUI70.dll
0x00007ffa77380000 - 0x00007ffa773bb000 	C:\Windows\System32\IME\shared\imecfm.dll
0x00007ffa90950000 - 0x00007ffa90a11000 	C:\WINDOWS\SYSTEM32\wer.dll
0x00007ffa8c420000 - 0x00007ffa8c43f000 	C:\Windows\System32\IME\SHARED\imesearchdll.dll

VM Arguments:
jvm_args: -javaagent:C:\Program Files\JetBrains\IntelliJ IDEA Community Edition 2018.1.3\lib\idea_rt.jar=4268:C:\Program Files\JetBrains\IntelliJ IDEA Community Edition 2018.1.3\bin -Dfile.encoding=UTF-8 
java_command: Solar
java_class_path (initial): C:\Program Files\Java\jdk1.8.0_144\jre\lib\charsets.jar;C:\Program Files\Java\jdk1.8.0_144\jre\lib\deploy.jar;C:\Program Files\Java\jdk1.8.0_144\jre\lib\ext\access-bridge-64.jar;C:\Program Files\Java\jdk1.8.0_144\jre\lib\ext\cldrdata.jar;C:\Program Files\Java\jdk1.8.0_144\jre\lib\ext\dnsns.jar;C:\Program Files\Java\jdk1.8.0_144\jre\lib\ext\jaccess.jar;C:\Program Files\Java\jdk1.8.0_144\jre\lib\ext\jfxrt.jar;C:\Program Files\Java\jdk1.8.0_144\jre\lib\ext\localedata.jar;C:\Program Files\Java\jdk1.8.0_144\jre\lib\ext\nashorn.jar;C:\Program Files\Java\jdk1.8.0_144\jre\lib\ext\sunec.jar;C:\Program Files\Java\jdk1.8.0_144\jre\lib\ext\sunjce_provider.jar;C:\Program Files\Java\jdk1.8.0_144\jre\lib\ext\sunmscapi.jar;C:\Program Files\Java\jdk1.8.0_144\jre\lib\ext\sunpkcs11.jar;C:\Program Files\Java\jdk1.8.0_144\jre\lib\ext\zipfs.jar;C:\Program Files\Java\jdk1.8.0_144\jre\lib\javaws.jar;C:\Program Files\Java\jdk1.8.0_144\jre\lib\jce.jar;C:\Program Files\Java\jdk1.8.0_144\jre\lib\jfr.jar;C:\Program Files\Java\jdk1.8.0_144\jre\lib\jfxswt.jar;C:\Program Files\Java\jdk1.8.0_144\jre\lib\jsse.jar;C:\Program Files\Java\jdk1.8.0_144\jre\lib\management-agent.jar;C:\Program Files\Java\jdk1.8.0_144\jre\lib\plugin.jar;C:\Program Files\Java\jdk1.8.0_144\jre\lib\resources.jar;C:\Program Files\Java\jdk1.8.0_144\jre\lib\rt.jar;C:\Users\Peter\Documents\JOGL\jogamp-all-platforms\jar\gluegen-rt.jar;C:\Users\Peter\Documents\JOGL\jogamp-all-platforms\jar\jogl-all.jar;C:\Users\Peter\Documents\JOGL\graphicslib3D\graphicslib3D.jar;C:\Users\Peter\IdeaProjects\SolarSystem\out\production\SolarSystem;C:\Program Files\JetBrains\IntelliJ IDEA Community Edition 2018.1.3\lib\idea_rt.jar
Launcher Type: SUN_STANDARD

Environment Variables:
USERNAME=Peter
OS=Windows_NT
PROCESSOR_IDENTIFIER=Intel64 Family 6 Model 60 Stepping 3, GenuineIntel



---------------  S Y S T E M  ---------------

OS: Windows 10.0 , 64 bit Build 17134 (10.0.17134.1)

CPU:total 8 (initial active 8) (4 cores per cpu, 2 threads per core) family 6 model 60 stepping 3, cmov, cx8, fxsr, mmx, sse, sse2, sse3, ssse3, sse4.1, sse4.2, popcnt, avx, avx2, aes, clmul, erms, lzcnt, ht, tsc, tscinvbit, bmi1, bmi2

Memory: 4k page, physical 16687384k(4720992k free), swap 21710620k(1783884k free)

vm_info: Java HotSpot(TM) 64-Bit Server VM (25.144-b01) for windows-amd64 JRE (1.8.0_144-b01), built on Jul 21 2017 21:57:33 by "java_re" with MS VC++ 10.0 (VS2010)

time: Sun Nov 11 15:03:23 2018
elapsed time: 9 seconds (0d 0h 0m 9s)

